{"/Users/RachelSophia/CSE112/Vue-Mini-Social-Network/public/js/src/main.js": {"path":"/Users/RachelSophia/CSE112/Vue-Mini-Social-Network/public/js/src/main.js","statementMap":{"0":{"start":{"line":2,"column":0},"end":{"line":null,"column":-1}},"1":{"start":{"line":5,"column":0},"end":{"line":null,"column":-1}},"2":{"start":{"line":6,"column":0},"end":{"line":null,"column":-1}},"3":{"start":{"line":7,"column":0},"end":{"line":null,"column":-1}},"4":{"start":{"line":10,"column":0},"end":{"line":null,"column":-1}},"5":{"start":{"line":11,"column":0},"end":{"line":null,"column":-1}},"6":{"start":{"line":12,"column":0},"end":{"line":null,"column":-1}},"7":{"start":{"line":13,"column":0},"end":{"line":null,"column":-1}},"8":{"start":{"line":16,"column":0},"end":{"line":null,"column":-1}},"9":{"start":{"line":17,"column":0},"end":{"line":null,"column":-1}},"10":{"start":{"line":18,"column":0},"end":{"line":null,"column":-1}},"11":{"start":{"line":19,"column":0},"end":{"line":null,"column":-1}},"12":{"start":{"line":20,"column":0},"end":{"line":null,"column":-1}},"13":{"start":{"line":21,"column":0},"end":{"line":null,"column":-1}},"14":{"start":{"line":24,"column":0},"end":{"line":null,"column":-1}},"15":{"start":{"line":25,"column":0},"end":{"line":null,"column":-1}},"16":{"start":{"line":28,"column":0},"end":{"line":null,"column":-1}},"17":{"start":{"line":29,"column":0},"end":{"line":null,"column":-1}},"18":{"start":{"line":32,"column":0},"end":{"line":null,"column":-1}},"19":{"start":{"line":33,"column":0},"end":{"line":null,"column":-1}},"20":{"start":{"line":34,"column":0},"end":{"line":null,"column":-1}},"21":{"start":{"line":35,"column":0},"end":{"line":null,"column":-1}},"22":{"start":{"line":36,"column":0},"end":{"line":null,"column":-1}},"23":{"start":{"line":37,"column":0},"end":{"line":null,"column":-1}},"24":{"start":{"line":40,"column":15},"end":{"line":40,"column":0}},"25":{"start":{"line":46,"column":0},"end":{"line":null,"column":-1}},"26":{"start":{"line":46,"column":18},"end":{"line":null,"column":-1}},"27":{"start":{"line":51,"column":0},"end":{"line":null,"column":-1}},"28":{"start":{"line":54,"column":0},"end":{"line":61,"column":1}},"29":{"start":{"line":55,"column":2},"end":{"line":null,"column":-1}},"30":{"start":{"line":57,"column":12},"end":{"line":null,"column":-1}}},"fnMap":{"0":{"name":"(anonymous_2)","decl":{"start":{"line":46,"column":18},"end":{"line":46,"column":18}},"loc":{"start":{"line":46,"column":18},"end":{"line":46,"column":0}}},"1":{"name":"render","decl":{"start":{"line":57,"column":12},"end":{"line":null,"column":-1}},"loc":{"start":{"line":57,"column":12},"end":{"line":55,"column":10}}}},"branchMap":{"0":{"loc":{"start":{"line":54,"column":0},"end":{"line":61,"column":1}},"type":"if","locations":[{"start":{"line":54,"column":0},"end":{"line":61,"column":1}},{"start":{"line":54,"column":0},"end":{"line":61,"column":1}}]}},"s":{"0":0,"1":0,"2":0,"3":0,"4":0,"5":0,"6":0,"7":0,"8":0,"9":0,"10":0,"11":0,"12":0,"13":0,"14":0,"15":0,"16":0,"17":0,"18":0,"19":0,"20":0,"21":0,"22":0,"23":0,"24":0,"25":0,"26":0,"27":0,"28":0,"29":0,"30":0},"f":{"0":0,"1":0},"b":{"0":[0,0]}}
,"/Users/RachelSophia/CSE112/Vue-Mini-Social-Network/public/js/src/sum.js": {"path":"/Users/RachelSophia/CSE112/Vue-Mini-Social-Network/public/js/src/sum.js","statementMap":{"0":{"start":{"line":2,"column":2},"end":{"line":2,"column":15}},"1":{"start":{"line":4,"column":0},"end":{"line":4,"column":21}}},"fnMap":{"0":{"name":"sum","decl":{"start":{"line":1,"column":9},"end":{"line":1,"column":12}},"loc":{"start":{"line":1,"column":19},"end":{"line":3,"column":1}},"line":1}},"branchMap":{},"s":{"0":1,"1":1},"f":{"0":1},"b":{},"_coverageSchema":"332fd63041d2c1bcb487cc26dd0d5f7d97098a6c","hash":"82eb77fa2cbe869787737eab898e16dfd7ed2a29"}
,"/Users/RachelSophia/CSE112/Vue-Mini-Social-Network/public/js/src/components/App.vue": {"path":"/Users/RachelSophia/CSE112/Vue-Mini-Social-Network/public/js/src/components/App.vue","statementMap":{"0":{"start":{"line":2,"column":0},"end":{"line":null,"column":-1}}},"fnMap":{},"branchMap":{},"s":{"0":0},"f":{},"b":{}}
,"/Users/RachelSophia/CSE112/Vue-Mini-Social-Network/public/js/src/components/deactivate/deavtivate.vue": {"path":"/Users/RachelSophia/CSE112/Vue-Mini-Social-Network/public/js/src/components/deactivate/deavtivate.vue","statementMap":{"0":{"start":{"line":2,"column":0},"end":{"line":null,"column":-1}},"1":{"start":{"line":3,"column":0},"end":{"line":null,"column":-1}},"2":{"start":{"line":7,"column":4},"end":{"line":null,"column":-1}},"3":{"start":{"line":13,"column":6},"end":{"line":null,"column":-1}},"4":{"start":{"line":15,"column":4},"end":{"line":null,"column":-1}},"5":{"start":{"line":15,"column":8},"end":{"line":null,"column":-1}},"6":{"start":{"line":17,"column":8},"end":{"line":15,"column":8}},"7":{"start":{"line":20,"column":6},"end":{"line":null,"column":-1}},"8":{"start":{"line":21,"column":6},"end":{"line":null,"column":-1}},"9":{"start":{"line":23,"column":18},"end":{"line":15,"column":8}},"10":{"start":{"line":25,"column":6},"end":{"line":null,"column":-1}},"11":{"start":{"line":26,"column":6},"end":{"line":null,"column":-1}},"12":{"start":{"line":28,"column":14},"end":{"line":null,"column":-1}}},"fnMap":{"0":{"name":"data","decl":{"start":{"line":5,"column":15},"end":{"line":6,"column":7}},"loc":{"start":{"line":6,"column":8},"end":{"line":5,"column":15}}},"1":{"name":"_toggle","decl":{"start":{"line":11,"column":11},"end":{"line":12,"column":12}},"loc":{"start":{"line":12,"column":13},"end":{"line":11,"column":11}}},"2":{"name":"(anonymous_3)","decl":{"start":{"line":15,"column":4},"end":{"line":null,"column":-1}},"loc":{"start":{"line":15,"column":4},"end":{"line":null,"column":-1}}},"3":{"name":"_callee","decl":{"start":{"line":15,"column":8},"end":{"line":null,"column":-1}},"loc":{"start":{"line":15,"column":8},"end":{"line":15,"column":4}}},"4":{"name":"done","decl":{"start":{"line":28,"column":14},"end":{"line":null,"column":-1}},"loc":{"start":{"line":28,"column":14},"end":{"line":null,"column":-1}}}},"branchMap":{"0":{"loc":{"start":{"line":15,"column":8},"end":{"line":null,"column":-1}},"type":"switch","locations":[{"start":{"line":15,"column":8},"end":{"line":null,"column":-1}},{"start":{"line":15,"column":8},"end":{"line":26,"column":6}},{"start":{"line":15,"column":8},"end":{"line":null,"column":-1}},{"start":{"line":15,"column":8},"end":{"line":null,"column":-1}}]}},"s":{"0":0,"1":0,"2":0,"3":0,"4":0,"5":0,"6":0,"7":0,"8":0,"9":0,"10":0,"11":0,"12":0},"f":{"0":0,"1":0,"2":0,"3":0,"4":0},"b":{"0":[0,0,0,0]}}
,"/Users/RachelSophia/CSE112/Vue-Mini-Social-Network/public/js/src/components/edit_profile/edit_profile.vue": {"path":"/Users/RachelSophia/CSE112/Vue-Mini-Social-Network/public/js/src/components/edit_profile/edit_profile.vue","statementMap":{"0":{"start":{"line":2,"column":0},"end":{"line":null,"column":-1}},"1":{"start":{"line":3,"column":0},"end":{"line":null,"column":-1}},"2":{"start":{"line":4,"column":0},"end":{"line":null,"column":-1}},"3":{"start":{"line":9,"column":4},"end":{"line":null,"column":-1}},"4":{"start":{"line":9,"column":17},"end":{"line":null,"column":-1}},"5":{"start":{"line":11,"column":8},"end":{"line":9,"column":17}},"6":{"start":{"line":12,"column":8},"end":{"line":9,"column":17}},"7":{"start":{"line":13,"column":8},"end":{"line":9,"column":17}},"8":{"start":{"line":14,"column":8},"end":{"line":9,"column":17}},"9":{"start":{"line":16,"column":28},"end":{"line":9,"column":17}},"10":{"start":{"line":16,"column":46},"end":{"line":9,"column":17}},"11":{"start":{"line":17,"column":10},"end":{"line":9,"column":17}},"12":{"start":{"line":19,"column":16},"end":{"line":9,"column":17}},"13":{"start":{"line":20,"column":16},"end":{"line":9,"column":17}},"14":{"start":{"line":22,"column":6},"end":{"line":null,"column":-1}},"15":{"start":{"line":28,"column":8},"end":{"line":null,"column":-1}},"16":{"start":{"line":30,"column":8},"end":{"line":null,"column":-1}},"17":{"start":{"line":32,"column":8},"end":{"line":null,"column":-1}},"18":{"start":{"line":34,"column":8},"end":{"line":null,"column":-1}},"19":{"start":{"line":36,"column":14},"end":{"line":9,"column":17}},"20":{"start":{"line":37,"column":8},"end":{"line":null,"column":-1}},"21":{"start":{"line":39,"column":16},"end":{"line":null,"column":-1}},"22":{"start":{"line":42,"column":6},"end":{"line":null,"column":-1}},"23":{"start":{"line":47,"column":4},"end":{"line":null,"column":-1}},"24":{"start":{"line":47,"column":18},"end":{"line":null,"column":-1}},"25":{"start":{"line":49,"column":8},"end":{"line":47,"column":18}},"26":{"start":{"line":52,"column":6},"end":{"line":null,"column":-1}},"27":{"start":{"line":53,"column":6},"end":{"line":null,"column":-1}},"28":{"start":{"line":57,"column":6},"end":{"line":null,"column":-1}},"29":{"start":{"line":59,"column":6},"end":{"line":null,"column":-1}},"30":{"start":{"line":67,"column":10},"end":{"line":null,"column":-1}},"31":{"start":{"line":69,"column":18},"end":{"line":null,"column":-1}},"32":{"start":{"line":80,"column":10},"end":{"line":76,"column":11}},"33":{"start":{"line":81,"column":4},"end":{"line":null,"column":-1}},"34":{"start":{"line":84,"column":4},"end":{"line":null,"column":-1}}},"fnMap":{"0":{"name":"(anonymous_1)","decl":{"start":{"line":9,"column":4},"end":{"line":null,"column":-1}},"loc":{"start":{"line":9,"column":4},"end":{"line":8,"column":10}}},"1":{"name":"_callee","decl":{"start":{"line":9,"column":17},"end":{"line":null,"column":-1}},"loc":{"start":{"line":9,"column":17},"end":{"line":9,"column":4}}},"2":{"name":"done","decl":{"start":{"line":39,"column":16},"end":{"line":null,"column":-1}},"loc":{"start":{"line":39,"column":16},"end":{"line":null,"column":-1}}},"3":{"name":"(anonymous_6)","decl":{"start":{"line":47,"column":4},"end":{"line":null,"column":-1}},"loc":{"start":{"line":47,"column":4},"end":{"line":null,"column":-1}}},"4":{"name":"_callee2","decl":{"start":{"line":47,"column":18},"end":{"line":47,"column":32}},"loc":{"start":{"line":47,"column":18},"end":{"line":47,"column":4}}},"5":{"name":"_callee2$","decl":{"start":{"line":47,"column":18},"end":{"line":null,"column":-1}},"loc":{"start":{"line":47,"column":18},"end":{"line":null,"column":-1}}},"6":{"name":"success","decl":{"start":{"line":66,"column":17},"end":{"line":66,"column":24}},"loc":{"start":{"line":66,"column":25},"end":{"line":71,"column":9}}},"7":{"name":"done","decl":{"start":{"line":69,"column":18},"end":{"line":null,"column":-1}},"loc":{"start":{"line":69,"column":18},"end":{"line":null,"column":-1}}},"8":{"name":"created","decl":{"start":{"line":6,"column":15},"end":{"line":76,"column":10}},"loc":{"start":{"line":76,"column":11},"end":{"line":6,"column":15}}},"9":{"name":"mounted","decl":{"start":{"line":6,"column":15},"end":{"line":83,"column":10}},"loc":{"start":{"line":83,"column":11},"end":{"line":85,"column":3}}}},"branchMap":{"0":{"loc":{"start":{"line":9,"column":17},"end":{"line":null,"column":-1}},"type":"switch","locations":[{"start":{"line":9,"column":17},"end":{"line":null,"column":-1}},{"start":{"line":9,"column":17},"end":{"line":null,"column":-1}},{"start":{"line":9,"column":17},"end":{"line":null,"column":-1}},{"start":{"line":9,"column":17},"end":{"line":null,"column":-1}},{"start":{"line":9,"column":17},"end":{"line":null,"column":-1}},{"start":{"line":9,"column":17},"end":{"line":null,"column":-1}},{"start":{"line":9,"column":17},"end":{"line":null,"column":-1}},{"start":{"line":9,"column":17},"end":{"line":37,"column":8}},{"start":{"line":9,"column":17},"end":{"line":42,"column":6}},{"start":{"line":9,"column":17},"end":{"line":null,"column":-1}},{"start":{"line":9,"column":17},"end":{"line":null,"column":-1}}]},"1":{"loc":{"start":{"line":9,"column":17},"end":{"line":null,"column":-1}},"type":"if","locations":[{"start":{"line":9,"column":17},"end":{"line":null,"column":-1}},{"start":{"line":9,"column":17},"end":{"line":null,"column":-1}}]},"2":{"loc":{"start":{"line":31,"column":17},"end":{"line":31,"column":16}},"type":"binary-expr","locations":[{"start":{"line":31,"column":17},"end":{"line":31,"column":16}},{"start":{"line":31,"column":32},"end":{"line":9,"column":17}}]},"3":{"loc":{"start":{"line":33,"column":17},"end":{"line":33,"column":16}},"type":"binary-expr","locations":[{"start":{"line":33,"column":17},"end":{"line":33,"column":16}},{"start":{"line":33,"column":32},"end":{"line":9,"column":17}}]},"4":{"loc":{"start":{"line":47,"column":18},"end":{"line":59,"column":6}},"type":"switch","locations":[{"start":{"line":47,"column":18},"end":{"line":59,"column":6}},{"start":{"line":47,"column":18},"end":{"line":null,"column":-1}},{"start":{"line":47,"column":18},"end":{"line":null,"column":-1}}]}},"s":{"0":0,"1":0,"2":0,"3":0,"4":0,"5":0,"6":0,"7":0,"8":0,"9":0,"10":0,"11":0,"12":0,"13":0,"14":0,"15":0,"16":0,"17":0,"18":0,"19":0,"20":0,"21":0,"22":0,"23":0,"24":0,"25":0,"26":0,"27":0,"28":0,"29":0,"30":0,"31":0,"32":0,"33":0,"34":0},"f":{"0":0,"1":0,"2":0,"3":0,"4":0,"5":0,"6":0,"7":0,"8":0,"9":0},"b":{"0":[0,0,0,0,0,0,0,0,0,0,0],"1":[0,0],"2":[0,0],"3":[0,0],"4":[0,0,0]}}
,"/Users/RachelSophia/CSE112/Vue-Mini-Social-Network/public/js/src/components/error/error.vue": {"path":"/Users/RachelSophia/CSE112/Vue-Mini-Social-Network/public/js/src/components/error/error.vue","statementMap":{"0":{"start":{"line":2,"column":0},"end":{"line":null,"column":-1}},"1":{"start":{"line":7,"column":4},"end":{"line":null,"column":-1}}},"fnMap":{"0":{"name":"data","decl":{"start":{"line":4,"column":15},"end":{"line":6,"column":7}},"loc":{"start":{"line":6,"column":8},"end":{"line":10,"column":3}}}},"branchMap":{},"s":{"0":0,"1":0},"f":{"0":0},"b":{}}
,"/Users/RachelSophia/CSE112/Vue-Mini-Social-Network/public/js/src/components/explore/explore-list.vue": {"path":"/Users/RachelSophia/CSE112/Vue-Mini-Social-Network/public/js/src/components/explore/explore-list.vue","statementMap":{"0":{"start":{"line":2,"column":0},"end":{"line":null,"column":-1}},"1":{"start":{"line":12,"column":4},"end":{"line":null,"column":-1}},"2":{"start":{"line":19,"column":12},"end":{"line":null,"column":-1}},"3":{"start":{"line":20,"column":38},"end":{"line":19,"column":12}},"4":{"start":{"line":19,"column":12},"end":{"line":19,"column":11}},"5":{"start":{"line":21,"column":6},"end":{"line":null,"column":-1}},"6":{"start":{"line":24,"column":14},"end":{"line":null,"column":-1}},"7":{"start":{"line":27,"column":14},"end":{"line":null,"column":-1}},"8":{"start":{"line":28,"column":28},"end":{"line":27,"column":14}},"9":{"start":{"line":29,"column":6},"end":{"line":null,"column":-1}},"10":{"start":{"line":31,"column":14},"end":{"line":null,"column":-1}},"11":{"start":{"line":35,"column":2},"end":{"line":null,"column":-1}},"12":{"start":{"line":35,"column":11},"end":{"line":null,"column":-1}},"13":{"start":{"line":37,"column":8},"end":{"line":35,"column":11}},"14":{"start":{"line":37,"column":13},"end":{"line":35,"column":11}},"15":{"start":{"line":38,"column":6},"end":{"line":35,"column":11}},"16":{"start":{"line":39,"column":4},"end":{"line":35,"column":11}},"17":{"start":{"line":40,"column":4},"end":{"line":null,"column":-1}}},"fnMap":{"0":{"name":"data","decl":{"start":{"line":4,"column":15},"end":{"line":11,"column":7}},"loc":{"start":{"line":11,"column":8},"end":{"line":4,"column":15}}},"1":{"name":"follow","decl":{"start":{"line":18,"column":11},"end":{"line":19,"column":11}},"loc":{"start":{"line":19,"column":12},"end":{"line":18,"column":11}}},"2":{"name":"done","decl":{"start":{"line":24,"column":14},"end":{"line":null,"column":-1}},"loc":{"start":{"line":24,"column":14},"end":{"line":null,"column":-1}}},"3":{"name":"unfollow","decl":{"start":{"line":18,"column":11},"end":{"line":27,"column":13}},"loc":{"start":{"line":27,"column":14},"end":{"line":33,"column":5}}},"4":{"name":"done","decl":{"start":{"line":31,"column":14},"end":{"line":null,"column":-1}},"loc":{"start":{"line":31,"column":14},"end":{"line":null,"column":-1}}},"5":{"name":"(anonymous_7)","decl":{"start":{"line":35,"column":2},"end":{"line":null,"column":-1}},"loc":{"start":{"line":35,"column":2},"end":{"line":null,"column":-1}}},"6":{"name":"_callee","decl":{"start":{"line":35,"column":11},"end":{"line":null,"column":-1}},"loc":{"start":{"line":35,"column":11},"end":{"line":35,"column":2}}}},"branchMap":{"0":{"loc":{"start":{"line":35,"column":11},"end":{"line":null,"column":-1}},"type":"switch","locations":[{"start":{"line":35,"column":11},"end":{"line":null,"column":-1}},{"start":{"line":35,"column":11},"end":{"line":null,"column":-1}},{"start":{"line":35,"column":11},"end":{"line":40,"column":4}},{"start":{"line":35,"column":11},"end":{"line":null,"column":-1}},{"start":{"line":35,"column":11},"end":{"line":null,"column":-1}}]}},"s":{"0":0,"1":0,"2":0,"3":0,"4":0,"5":0,"6":0,"7":0,"8":0,"9":0,"10":0,"11":0,"12":0,"13":0,"14":0,"15":0,"16":0,"17":0},"f":{"0":0,"1":0,"2":0,"3":0,"4":0,"5":0,"6":0},"b":{"0":[0,0,0,0,0]}}
,"/Users/RachelSophia/CSE112/Vue-Mini-Social-Network/public/js/src/components/explore/explore.vue": {"path":"/Users/RachelSophia/CSE112/Vue-Mini-Social-Network/public/js/src/components/explore/explore.vue","statementMap":{"0":{"start":{"line":2,"column":0},"end":{"line":null,"column":-1}},"1":{"start":{"line":3,"column":0},"end":{"line":null,"column":-1}},"2":{"start":{"line":12,"column":6},"end":{"line":null,"column":-1}},"3":{"start":{"line":16,"column":4},"end":{"line":null,"column":-1}}},"fnMap":{"0":{"name":"explores","decl":{"start":{"line":10,"column":12},"end":{"line":11,"column":13}},"loc":{"start":{"line":11,"column":14},"end":{"line":13,"column":5}}},"1":{"name":"created","decl":{"start":{"line":5,"column":15},"end":{"line":15,"column":10}},"loc":{"start":{"line":15,"column":11},"end":{"line":17,"column":3}}}},"branchMap":{},"s":{"0":0,"1":0,"2":0,"3":0},"f":{"0":0,"1":0},"b":{}}
,"/Users/RachelSophia/CSE112/Vue-Mini-Social-Network/public/js/src/components/follow/confirmFollower-list.vue": {"path":"/Users/RachelSophia/CSE112/Vue-Mini-Social-Network/public/js/src/components/follow/confirmFollower-list.vue","statementMap":{"0":{"start":{"line":2,"column":0},"end":{"line":null,"column":-1}},"1":{"start":{"line":3,"column":0},"end":{"line":null,"column":-1}},"2":{"start":{"line":14,"column":4},"end":{"line":null,"column":-1}},"3":{"start":{"line":24,"column":12},"end":{"line":null,"column":-1}},"4":{"start":{"line":28,"column":10},"end":{"line":24,"column":12}},"5":{"start":{"line":24,"column":12},"end":{"line":24,"column":11}},"6":{"start":{"line":29,"column":6},"end":{"line":null,"column":-1}},"7":{"start":{"line":33,"column":14},"end":{"line":null,"column":-1}},"8":{"start":{"line":36,"column":13},"end":{"line":null,"column":-1}},"9":{"start":{"line":39,"column":10},"end":{"line":36,"column":13}},"10":{"start":{"line":40,"column":6},"end":{"line":null,"column":-1}},"11":{"start":{"line":42,"column":14},"end":{"line":null,"column":-1}}},"fnMap":{"0":{"name":"data","decl":{"start":{"line":5,"column":15},"end":{"line":13,"column":7}},"loc":{"start":{"line":13,"column":8},"end":{"line":5,"column":15}}},"1":{"name":"accept","decl":{"start":{"line":23,"column":11},"end":{"line":24,"column":11}},"loc":{"start":{"line":24,"column":12},"end":{"line":23,"column":11}}},"2":{"name":"done","decl":{"start":{"line":33,"column":14},"end":{"line":null,"column":-1}},"loc":{"start":{"line":33,"column":14},"end":{"line":null,"column":-1}}},"3":{"name":"decline","decl":{"start":{"line":23,"column":11},"end":{"line":36,"column":12}},"loc":{"start":{"line":36,"column":13},"end":{"line":44,"column":5}}},"4":{"name":"done","decl":{"start":{"line":42,"column":14},"end":{"line":null,"column":-1}},"loc":{"start":{"line":42,"column":14},"end":{"line":null,"column":-1}}}},"branchMap":{},"s":{"0":0,"1":0,"2":0,"3":0,"4":0,"5":0,"6":0,"7":0,"8":0,"9":0,"10":0,"11":0},"f":{"0":0,"1":0,"2":0,"3":0,"4":0},"b":{}}
,"/Users/RachelSophia/CSE112/Vue-Mini-Social-Network/public/js/src/components/follow/confirmFollowers.vue": {"path":"/Users/RachelSophia/CSE112/Vue-Mini-Social-Network/public/js/src/components/follow/confirmFollowers.vue","statementMap":{"0":{"start":{"line":2,"column":0},"end":{"line":null,"column":-1}},"1":{"start":{"line":3,"column":0},"end":{"line":null,"column":-1}},"2":{"start":{"line":4,"column":0},"end":{"line":null,"column":-1}},"3":{"start":{"line":13,"column":6},"end":{"line":null,"column":-1}},"4":{"start":{"line":14,"column":6},"end":{"line":null,"column":-1}},"5":{"start":{"line":19,"column":6},"end":{"line":null,"column":-1}},"6":{"start":{"line":23,"column":4},"end":{"line":null,"column":-1}}},"fnMap":{"0":{"name":"pendings","decl":{"start":{"line":11,"column":12},"end":{"line":12,"column":13}},"loc":{"start":{"line":12,"column":14},"end":{"line":15,"column":5}}},"1":{"name":"Back","decl":{"start":{"line":17,"column":11},"end":{"line":18,"column":10}},"loc":{"start":{"line":18,"column":11},"end":{"line":20,"column":5}}},"2":{"name":"updated","decl":{"start":{"line":6,"column":15},"end":{"line":22,"column":10}},"loc":{"start":{"line":22,"column":11},"end":{"line":24,"column":3}}}},"branchMap":{},"s":{"0":0,"1":0,"2":0,"3":0,"4":0,"5":0,"6":0},"f":{"0":0,"1":0,"2":0},"b":{}}
,"/Users/RachelSophia/CSE112/Vue-Mini-Social-Network/public/js/src/components/follow/deleteFollower-list.vue": {"path":"/Users/RachelSophia/CSE112/Vue-Mini-Social-Network/public/js/src/components/follow/deleteFollower-list.vue","statementMap":{"0":{"start":{"line":2,"column":0},"end":{"line":null,"column":-1}},"1":{"start":{"line":3,"column":0},"end":{"line":null,"column":-1}},"2":{"start":{"line":14,"column":4},"end":{"line":null,"column":-1}},"3":{"start":{"line":24,"column":21},"end":{"line":null,"column":-1}},"4":{"start":{"line":27,"column":10},"end":{"line":24,"column":21}},"5":{"start":{"line":28,"column":6},"end":{"line":null,"column":-1}},"6":{"start":{"line":30,"column":14},"end":{"line":null,"column":-1}}},"fnMap":{"0":{"name":"data","decl":{"start":{"line":5,"column":15},"end":{"line":13,"column":7}},"loc":{"start":{"line":13,"column":8},"end":{"line":5,"column":15}}},"1":{"name":"delete_follower","decl":{"start":{"line":23,"column":11},"end":{"line":24,"column":20}},"loc":{"start":{"line":24,"column":21},"end":{"line":32,"column":5}}},"2":{"name":"done","decl":{"start":{"line":30,"column":14},"end":{"line":null,"column":-1}},"loc":{"start":{"line":30,"column":14},"end":{"line":null,"column":-1}}}},"branchMap":{},"s":{"0":0,"1":0,"2":0,"3":0,"4":0,"5":0,"6":0},"f":{"0":0,"1":0,"2":0},"b":{}}
,"/Users/RachelSophia/CSE112/Vue-Mini-Social-Network/public/js/src/components/follow/deleteFollowers.vue": {"path":"/Users/RachelSophia/CSE112/Vue-Mini-Social-Network/public/js/src/components/follow/deleteFollowers.vue","statementMap":{"0":{"start":{"line":2,"column":0},"end":{"line":null,"column":-1}},"1":{"start":{"line":3,"column":0},"end":{"line":null,"column":-1}},"2":{"start":{"line":4,"column":0},"end":{"line":null,"column":-1}},"3":{"start":{"line":13,"column":6},"end":{"line":null,"column":-1}},"4":{"start":{"line":14,"column":6},"end":{"line":null,"column":-1}},"5":{"start":{"line":19,"column":6},"end":{"line":null,"column":-1}},"6":{"start":{"line":23,"column":4},"end":{"line":null,"column":-1}}},"fnMap":{"0":{"name":"followers","decl":{"start":{"line":11,"column":12},"end":{"line":12,"column":14}},"loc":{"start":{"line":12,"column":15},"end":{"line":15,"column":5}}},"1":{"name":"Back","decl":{"start":{"line":17,"column":11},"end":{"line":18,"column":10}},"loc":{"start":{"line":18,"column":11},"end":{"line":20,"column":5}}},"2":{"name":"updated","decl":{"start":{"line":6,"column":15},"end":{"line":22,"column":10}},"loc":{"start":{"line":22,"column":11},"end":{"line":24,"column":3}}}},"branchMap":{},"s":{"0":0,"1":0,"2":0,"3":0,"4":0,"5":0,"6":0},"f":{"0":0,"1":0,"2":0},"b":{}}
,"/Users/RachelSophia/CSE112/Vue-Mini-Social-Network/public/js/src/components/follow/follower-list.vue": {"path":"/Users/RachelSophia/CSE112/Vue-Mini-Social-Network/public/js/src/components/follow/follower-list.vue","statementMap":{"0":{"start":{"line":2,"column":0},"end":{"line":null,"column":-1}},"1":{"start":{"line":3,"column":0},"end":{"line":null,"column":-1}},"2":{"start":{"line":14,"column":4},"end":{"line":null,"column":-1}},"3":{"start":{"line":26,"column":6},"end":{"line":null,"column":-1}},"4":{"start":{"line":30,"column":12},"end":{"line":null,"column":-1}},"5":{"start":{"line":35,"column":10},"end":{"line":30,"column":12}},"6":{"start":{"line":30,"column":12},"end":{"line":30,"column":11}},"7":{"start":{"line":36,"column":6},"end":{"line":null,"column":-1}},"8":{"start":{"line":41,"column":14},"end":{"line":null,"column":-1}},"9":{"start":{"line":44,"column":14},"end":{"line":null,"column":-1}},"10":{"start":{"line":49,"column":10},"end":{"line":44,"column":14}},"11":{"start":{"line":44,"column":14},"end":{"line":44,"column":13}},"12":{"start":{"line":50,"column":6},"end":{"line":null,"column":-1}},"13":{"start":{"line":55,"column":10},"end":{"line":null,"column":-1}},"14":{"start":{"line":56,"column":10},"end":{"line":null,"column":-1}},"15":{"start":{"line":61,"column":2},"end":{"line":null,"column":-1}},"16":{"start":{"line":61,"column":11},"end":{"line":null,"column":-1}},"17":{"start":{"line":62,"column":15},"end":{"line":61,"column":11}},"18":{"start":{"line":64,"column":6},"end":{"line":61,"column":11}},"19":{"start":{"line":65,"column":6},"end":{"line":61,"column":11}}},"fnMap":{"0":{"name":"data","decl":{"start":{"line":5,"column":15},"end":{"line":13,"column":7}},"loc":{"start":{"line":13,"column":8},"end":{"line":5,"column":15}}},"1":{"name":"me","decl":{"start":{"line":24,"column":12},"end":{"line":25,"column":7}},"loc":{"start":{"line":25,"column":8},"end":{"line":27,"column":5}}},"2":{"name":"follow","decl":{"start":{"line":29,"column":11},"end":{"line":30,"column":11}},"loc":{"start":{"line":30,"column":12},"end":{"line":29,"column":11}}},"3":{"name":"done","decl":{"start":{"line":41,"column":14},"end":{"line":null,"column":-1}},"loc":{"start":{"line":41,"column":14},"end":{"line":null,"column":-1}}},"4":{"name":"unfollow","decl":{"start":{"line":29,"column":11},"end":{"line":44,"column":13}},"loc":{"start":{"line":44,"column":14},"end":{"line":59,"column":5}}},"5":{"name":"done","decl":{"start":{"line":54,"column":14},"end":{"line":54,"column":19}},"loc":{"start":{"line":54,"column":20},"end":{"line":57,"column":9}}},"6":{"name":"(anonymous_7)","decl":{"start":{"line":61,"column":2},"end":{"line":null,"column":-1}},"loc":{"start":{"line":61,"column":2},"end":{"line":null,"column":-1}}},"7":{"name":"_callee","decl":{"start":{"line":61,"column":11},"end":{"line":null,"column":-1}},"loc":{"start":{"line":61,"column":11},"end":{"line":61,"column":2}}}},"branchMap":{"0":{"loc":{"start":{"line":61,"column":11},"end":{"line":null,"column":-1}},"type":"switch","locations":[{"start":{"line":61,"column":11},"end":{"line":null,"column":-1}},{"start":{"line":61,"column":11},"end":{"line":null,"column":-1}},{"start":{"line":61,"column":11},"end":{"line":null,"column":-1}},{"start":{"line":61,"column":11},"end":{"line":null,"column":-1}},{"start":{"line":61,"column":11},"end":{"line":null,"column":-1}}]},"1":{"loc":{"start":{"line":61,"column":11},"end":{"line":null,"column":-1}},"type":"if","locations":[{"start":{"line":61,"column":11},"end":{"line":null,"column":-1}},{"start":{"line":61,"column":11},"end":{"line":null,"column":-1}}]}},"s":{"0":0,"1":0,"2":0,"3":0,"4":0,"5":0,"6":0,"7":0,"8":0,"9":0,"10":0,"11":0,"12":0,"13":0,"14":0,"15":0,"16":0,"17":0,"18":0,"19":0},"f":{"0":0,"1":0,"2":0,"3":0,"4":0,"5":0,"6":0,"7":0},"b":{"0":[0,0,0,0,0],"1":[0,0]}}
,"/Users/RachelSophia/CSE112/Vue-Mini-Social-Network/public/js/src/components/follow/followers.vue": {"path":"/Users/RachelSophia/CSE112/Vue-Mini-Social-Network/public/js/src/components/follow/followers.vue","statementMap":{"0":{"start":{"line":2,"column":0},"end":{"line":null,"column":-1}},"1":{"start":{"line":3,"column":0},"end":{"line":null,"column":-1}},"2":{"start":{"line":4,"column":0},"end":{"line":null,"column":-1}},"3":{"start":{"line":13,"column":6},"end":{"line":null,"column":-1}},"4":{"start":{"line":18,"column":6},"end":{"line":null,"column":-1}},"5":{"start":{"line":22,"column":4},"end":{"line":null,"column":-1}}},"fnMap":{"0":{"name":"followers","decl":{"start":{"line":11,"column":12},"end":{"line":12,"column":14}},"loc":{"start":{"line":12,"column":15},"end":{"line":14,"column":5}}},"1":{"name":"Back","decl":{"start":{"line":16,"column":11},"end":{"line":17,"column":10}},"loc":{"start":{"line":17,"column":11},"end":{"line":19,"column":5}}},"2":{"name":"updated","decl":{"start":{"line":6,"column":15},"end":{"line":21,"column":10}},"loc":{"start":{"line":21,"column":11},"end":{"line":23,"column":3}}}},"branchMap":{},"s":{"0":0,"1":0,"2":0,"3":0,"4":0,"5":0},"f":{"0":0,"1":0,"2":0},"b":{}}
,"/Users/RachelSophia/CSE112/Vue-Mini-Social-Network/public/js/src/components/follow/following-list.vue": {"path":"/Users/RachelSophia/CSE112/Vue-Mini-Social-Network/public/js/src/components/follow/following-list.vue","statementMap":{"0":{"start":{"line":2,"column":0},"end":{"line":null,"column":-1}},"1":{"start":{"line":3,"column":0},"end":{"line":null,"column":-1}},"2":{"start":{"line":14,"column":4},"end":{"line":null,"column":-1}},"3":{"start":{"line":27,"column":6},"end":{"line":null,"column":-1}},"4":{"start":{"line":31,"column":12},"end":{"line":null,"column":-1}},"5":{"start":{"line":36,"column":10},"end":{"line":31,"column":12}},"6":{"start":{"line":31,"column":12},"end":{"line":31,"column":11}},"7":{"start":{"line":37,"column":6},"end":{"line":null,"column":-1}},"8":{"start":{"line":42,"column":14},"end":{"line":null,"column":-1}},"9":{"start":{"line":45,"column":14},"end":{"line":null,"column":-1}},"10":{"start":{"line":50,"column":10},"end":{"line":45,"column":14}},"11":{"start":{"line":45,"column":14},"end":{"line":45,"column":13}},"12":{"start":{"line":51,"column":6},"end":{"line":null,"column":-1}},"13":{"start":{"line":56,"column":10},"end":{"line":61,"column":11}},"14":{"start":{"line":57,"column":12},"end":{"line":null,"column":-1}},"15":{"start":{"line":59,"column":12},"end":{"line":null,"column":-1}},"16":{"start":{"line":60,"column":12},"end":{"line":null,"column":-1}},"17":{"start":{"line":66,"column":2},"end":{"line":null,"column":-1}},"18":{"start":{"line":66,"column":11},"end":{"line":null,"column":-1}},"19":{"start":{"line":67,"column":15},"end":{"line":66,"column":11}},"20":{"start":{"line":69,"column":6},"end":{"line":66,"column":11}},"21":{"start":{"line":70,"column":6},"end":{"line":66,"column":11}}},"fnMap":{"0":{"name":"data","decl":{"start":{"line":5,"column":15},"end":{"line":13,"column":7}},"loc":{"start":{"line":13,"column":8},"end":{"line":5,"column":15}}},"1":{"name":"me","decl":{"start":{"line":25,"column":12},"end":{"line":26,"column":7}},"loc":{"start":{"line":26,"column":8},"end":{"line":28,"column":5}}},"2":{"name":"follow","decl":{"start":{"line":30,"column":11},"end":{"line":31,"column":11}},"loc":{"start":{"line":31,"column":12},"end":{"line":30,"column":11}}},"3":{"name":"done","decl":{"start":{"line":42,"column":14},"end":{"line":null,"column":-1}},"loc":{"start":{"line":42,"column":14},"end":{"line":null,"column":-1}}},"4":{"name":"unfollow","decl":{"start":{"line":30,"column":11},"end":{"line":45,"column":13}},"loc":{"start":{"line":45,"column":14},"end":{"line":64,"column":5}}},"5":{"name":"done","decl":{"start":{"line":55,"column":14},"end":{"line":55,"column":19}},"loc":{"start":{"line":55,"column":20},"end":{"line":62,"column":9}}},"6":{"name":"(anonymous_7)","decl":{"start":{"line":66,"column":2},"end":{"line":null,"column":-1}},"loc":{"start":{"line":66,"column":2},"end":{"line":null,"column":-1}}},"7":{"name":"_callee","decl":{"start":{"line":66,"column":11},"end":{"line":null,"column":-1}},"loc":{"start":{"line":66,"column":11},"end":{"line":66,"column":2}}}},"branchMap":{"0":{"loc":{"start":{"line":56,"column":10},"end":{"line":61,"column":11}},"type":"if","locations":[{"start":{"line":56,"column":10},"end":{"line":61,"column":11}},{"start":{"line":56,"column":10},"end":{"line":61,"column":11}}]},"1":{"loc":{"start":{"line":66,"column":11},"end":{"line":null,"column":-1}},"type":"switch","locations":[{"start":{"line":66,"column":11},"end":{"line":null,"column":-1}},{"start":{"line":66,"column":11},"end":{"line":null,"column":-1}},{"start":{"line":66,"column":11},"end":{"line":null,"column":-1}},{"start":{"line":66,"column":11},"end":{"line":null,"column":-1}},{"start":{"line":66,"column":11},"end":{"line":null,"column":-1}}]},"2":{"loc":{"start":{"line":66,"column":11},"end":{"line":null,"column":-1}},"type":"if","locations":[{"start":{"line":66,"column":11},"end":{"line":null,"column":-1}},{"start":{"line":66,"column":11},"end":{"line":null,"column":-1}}]}},"s":{"0":0,"1":0,"2":0,"3":0,"4":0,"5":0,"6":0,"7":0,"8":0,"9":0,"10":0,"11":0,"12":0,"13":0,"14":0,"15":0,"16":0,"17":0,"18":0,"19":0,"20":0,"21":0},"f":{"0":0,"1":0,"2":0,"3":0,"4":0,"5":0,"6":0,"7":0},"b":{"0":[0,0],"1":[0,0,0,0,0],"2":[0,0]}}
,"/Users/RachelSophia/CSE112/Vue-Mini-Social-Network/public/js/src/components/follow/followings.vue": {"path":"/Users/RachelSophia/CSE112/Vue-Mini-Social-Network/public/js/src/components/follow/followings.vue","statementMap":{"0":{"start":{"line":2,"column":0},"end":{"line":null,"column":-1}},"1":{"start":{"line":3,"column":0},"end":{"line":null,"column":-1}},"2":{"start":{"line":4,"column":0},"end":{"line":null,"column":-1}},"3":{"start":{"line":13,"column":6},"end":{"line":null,"column":-1}},"4":{"start":{"line":18,"column":6},"end":{"line":null,"column":-1}},"5":{"start":{"line":22,"column":4},"end":{"line":null,"column":-1}}},"fnMap":{"0":{"name":"followings","decl":{"start":{"line":11,"column":12},"end":{"line":12,"column":15}},"loc":{"start":{"line":12,"column":16},"end":{"line":14,"column":5}}},"1":{"name":"Back","decl":{"start":{"line":16,"column":11},"end":{"line":17,"column":10}},"loc":{"start":{"line":17,"column":11},"end":{"line":19,"column":5}}},"2":{"name":"updated","decl":{"start":{"line":6,"column":15},"end":{"line":21,"column":10}},"loc":{"start":{"line":21,"column":11},"end":{"line":23,"column":3}}}},"branchMap":{},"s":{"0":0,"1":0,"2":0,"3":0,"4":0,"5":0},"f":{"0":0,"1":0,"2":0},"b":{}}
,"/Users/RachelSophia/CSE112/Vue-Mini-Social-Network/public/js/src/components/home/feeds.vue": {"path":"/Users/RachelSophia/CSE112/Vue-Mini-Social-Network/public/js/src/components/home/feeds.vue","statementMap":{"0":{"start":{"line":2,"column":0},"end":{"line":null,"column":-1}},"1":{"start":{"line":10,"column":6},"end":{"line":null,"column":-1}}},"fnMap":{"0":{"name":"feeds","decl":{"start":{"line":8,"column":12},"end":{"line":9,"column":10}},"loc":{"start":{"line":9,"column":11},"end":{"line":11,"column":5}}}},"branchMap":{},"s":{"0":0,"1":0},"f":{"0":0},"b":{}}
,"/Users/RachelSophia/CSE112/Vue-Mini-Social-Network/public/js/src/components/home/home.vue": {"path":"/Users/RachelSophia/CSE112/Vue-Mini-Social-Network/public/js/src/components/home/home.vue","statementMap":{"0":{"start":{"line":2,"column":0},"end":{"line":null,"column":-1}},"1":{"start":{"line":3,"column":0},"end":{"line":null,"column":-1}},"2":{"start":{"line":4,"column":0},"end":{"line":null,"column":-1}},"3":{"start":{"line":16,"column":16},"end":{"line":16,"column":6}},"4":{"start":{"line":17,"column":6},"end":{"line":null,"column":-1}},"5":{"start":{"line":21,"column":4},"end":{"line":null,"column":-1}}},"fnMap":{"0":{"name":"feeds_len","decl":{"start":{"line":14,"column":12},"end":{"line":15,"column":14}},"loc":{"start":{"line":15,"column":15},"end":{"line":18,"column":5}}},"1":{"name":"created","decl":{"start":{"line":6,"column":15},"end":{"line":20,"column":11}},"loc":{"start":{"line":20,"column":12},"end":{"line":22,"column":3}}}},"branchMap":{"0":{"loc":{"start":{"line":17,"column":24},"end":{"line":17,"column":13}},"type":"cond-expr","locations":[{"start":{"line":17,"column":24},"end":{"line":17,"column":13}},{"start":{"line":17,"column":31},"end":{"line":17,"column":6}}]}},"s":{"0":0,"1":0,"2":0,"3":0,"4":0,"5":0},"f":{"0":0,"1":0},"b":{"0":[0,0]}}
,"/Users/RachelSophia/CSE112/Vue-Mini-Social-Network/public/js/src/components/others/end.vue": {"path":"/Users/RachelSophia/CSE112/Vue-Mini-Social-Network/public/js/src/components/others/end.vue","statementMap":{"0":{"start":{"line":2,"column":0},"end":{"line":null,"column":-1}},"1":{"start":{"line":13,"column":6},"end":{"line":null,"column":-1}}},"fnMap":{"0":{"name":"ToTop","decl":{"start":{"line":11,"column":11},"end":{"line":12,"column":11}},"loc":{"start":{"line":12,"column":12},"end":{"line":16,"column":5}}}},"branchMap":{},"s":{"0":0,"1":0},"f":{"0":0},"b":{}}
,"/Users/RachelSophia/CSE112/Vue-Mini-Social-Network/public/js/src/components/others/goto.vue": {"path":"/Users/RachelSophia/CSE112/Vue-Mini-Social-Network/public/js/src/components/others/goto.vue","statementMap":{"0":{"start":{"line":2,"column":0},"end":{"line":null,"column":-1}},"1":{"start":{"line":3,"column":0},"end":{"line":null,"column":-1}},"2":{"start":{"line":9,"column":6},"end":{"line":null,"column":-1}}},"fnMap":{"0":{"name":"toggle","decl":{"start":{"line":7,"column":11},"end":{"line":8,"column":11}},"loc":{"start":{"line":8,"column":12},"end":{"line":10,"column":5}}}},"branchMap":{},"s":{"0":0,"1":0,"2":0},"f":{"0":0},"b":{}}
,"/Users/RachelSophia/CSE112/Vue-Mini-Social-Network/public/js/src/components/others/header.vue": {"path":"/Users/RachelSophia/CSE112/Vue-Mini-Social-Network/public/js/src/components/others/header.vue","statementMap":{"0":{"start":{"line":2,"column":0},"end":{"line":null,"column":-1}}},"fnMap":{},"branchMap":{},"s":{"0":0},"f":{},"b":{}}
,"/Users/RachelSophia/CSE112/Vue-Mini-Social-Network/public/js/src/components/others/nothing.vue": {"path":"/Users/RachelSophia/CSE112/Vue-Mini-Social-Network/public/js/src/components/others/nothing.vue","statementMap":{"0":{"start":{"line":14,"column":4},"end":{"line":null,"column":-1}}},"fnMap":{"0":{"name":"data","decl":{"start":{"line":2,"column":15},"end":{"line":13,"column":7}},"loc":{"start":{"line":13,"column":8},"end":{"line":19,"column":3}}}},"branchMap":{"0":{"loc":{"start":{"line":16,"column":33},"end":{"line":16,"column":16}},"type":"cond-expr","locations":[{"start":{"line":16,"column":33},"end":{"line":16,"column":16}},{"start":{"line":16,"column":41},"end":{"line":null,"column":-1}}]}},"s":{"0":0},"f":{"0":0},"b":{"0":[0,0]}}
,"/Users/RachelSophia/CSE112/Vue-Mini-Social-Network/public/js/src/components/others/overlay.vue": {"path":"/Users/RachelSophia/CSE112/Vue-Mini-Social-Network/public/js/src/components/others/overlay.vue","statementMap":{"0":{"start":{"line":10,"column":4},"end":{"line":null,"column":-1}}},"fnMap":{"0":{"name":"data","decl":{"start":{"line":2,"column":15},"end":{"line":9,"column":7}},"loc":{"start":{"line":9,"column":8},"end":{"line":17,"column":3}}}},"branchMap":{},"s":{"0":0},"f":{"0":0},"b":{}}
,"/Users/RachelSophia/CSE112/Vue-Mini-Social-Network/public/js/src/components/others/prompt.vue": {"path":"/Users/RachelSophia/CSE112/Vue-Mini-Social-Network/public/js/src/components/others/prompt.vue","statementMap":{"0":{"start":{"line":2,"column":0},"end":{"line":null,"column":-1}},"1":{"start":{"line":24,"column":4},"end":{"line":null,"column":-1}},"2":{"start":{"line":32,"column":6},"end":{"line":null,"column":-1}},"3":{"start":{"line":35,"column":6},"end":{"line":null,"column":-1}},"4":{"start":{"line":39,"column":4},"end":{"line":null,"column":-1}},"5":{"start":{"line":40,"column":4},"end":{"line":null,"column":-1}}},"fnMap":{"0":{"name":"data","decl":{"start":{"line":4,"column":15},"end":{"line":23,"column":7}},"loc":{"start":{"line":23,"column":8},"end":{"line":4,"column":15}}},"1":{"name":"back","decl":{"start":{"line":30,"column":11},"end":{"line":31,"column":9}},"loc":{"start":{"line":31,"column":10},"end":{"line":30,"column":11}}},"2":{"name":"action","decl":{"start":{"line":30,"column":11},"end":{"line":34,"column":12}},"loc":{"start":{"line":34,"column":13},"end":{"line":36,"column":5}}},"3":{"name":"mounted","decl":{"start":{"line":4,"column":15},"end":{"line":38,"column":11}},"loc":{"start":{"line":38,"column":12},"end":{"line":41,"column":3}}}},"branchMap":{"0":{"loc":{"start":{"line":26,"column":42},"end":{"line":26,"column":19}},"type":"cond-expr","locations":[{"start":{"line":26,"column":42},"end":{"line":26,"column":19}},{"start":{"line":26,"column":50},"end":{"line":null,"column":-1}}]}},"s":{"0":0,"1":0,"2":0,"3":0,"4":0,"5":0},"f":{"0":0,"1":0,"2":0,"3":0},"b":{"0":[0,0]}}
,"/Users/RachelSophia/CSE112/Vue-Mini-Social-Network/public/js/src/components/post/create_post.vue": {"path":"/Users/RachelSophia/CSE112/Vue-Mini-Social-Network/public/js/src/components/post/create_post.vue","statementMap":{"0":{"start":{"line":2,"column":0},"end":{"line":null,"column":-1}},"1":{"start":{"line":3,"column":0},"end":{"line":null,"column":-1}},"2":{"start":{"line":4,"column":0},"end":{"line":null,"column":-1}},"3":{"start":{"line":10,"column":6},"end":{"line":null,"column":-1}},"4":{"start":{"line":12,"column":4},"end":{"line":null,"column":-1}},"5":{"start":{"line":12,"column":16},"end":{"line":null,"column":-1}},"6":{"start":{"line":15,"column":19},"end":{"line":12,"column":16}},"7":{"start":{"line":15,"column":26},"end":{"line":12,"column":16}},"8":{"start":{"line":16,"column":10},"end":{"line":12,"column":16}},"9":{"start":{"line":17,"column":20},"end":{"line":12,"column":16}},"10":{"start":{"line":19,"column":10},"end":{"line":12,"column":16}},"11":{"start":{"line":23,"column":6},"end":{"line":null,"column":-1}},"12":{"start":{"line":25,"column":14},"end":{"line":null,"column":-1}},"13":{"start":{"line":27,"column":6},"end":{"line":null,"column":-1}},"14":{"start":{"line":35,"column":8},"end":{"line":30,"column":11}},"15":{"start":{"line":36,"column":4},"end":{"line":null,"column":-1}},"16":{"start":{"line":39,"column":4},"end":{"line":null,"column":-1}}},"fnMap":{"0":{"name":"Back","decl":{"start":{"line":8,"column":11},"end":{"line":9,"column":9}},"loc":{"start":{"line":9,"column":10},"end":{"line":8,"column":11}}},"1":{"name":"(anonymous_2)","decl":{"start":{"line":12,"column":4},"end":{"line":null,"column":-1}},"loc":{"start":{"line":12,"column":4},"end":{"line":null,"column":-1}}},"2":{"name":"_callee","decl":{"start":{"line":12,"column":16},"end":{"line":null,"column":-1}},"loc":{"start":{"line":12,"column":16},"end":{"line":12,"column":4}}},"3":{"name":"done","decl":{"start":{"line":25,"column":14},"end":{"line":null,"column":-1}},"loc":{"start":{"line":25,"column":14},"end":{"line":null,"column":-1}}},"4":{"name":"created","decl":{"start":{"line":6,"column":15},"end":{"line":30,"column":10}},"loc":{"start":{"line":30,"column":11},"end":{"line":6,"column":15}}},"5":{"name":"mounted","decl":{"start":{"line":6,"column":15},"end":{"line":38,"column":10}},"loc":{"start":{"line":38,"column":11},"end":{"line":40,"column":3}}}},"branchMap":{"0":{"loc":{"start":{"line":12,"column":16},"end":{"line":null,"column":-1}},"type":"switch","locations":[{"start":{"line":12,"column":16},"end":{"line":null,"column":-1}},{"start":{"line":12,"column":16},"end":{"line":27,"column":6}},{"start":{"line":12,"column":16},"end":{"line":null,"column":-1}},{"start":{"line":12,"column":16},"end":{"line":null,"column":-1}}]},"1":{"loc":{"start":{"line":36,"column":34},"end":{"line":36,"column":4}},"type":"cond-expr","locations":[{"start":{"line":36,"column":34},"end":{"line":36,"column":4}},{"start":{"line":36,"column":60},"end":{"line":36,"column":4}}]}},"s":{"0":0,"1":0,"2":0,"3":0,"4":0,"5":0,"6":0,"7":0,"8":0,"9":0,"10":0,"11":0,"12":0,"13":0,"14":0,"15":0,"16":0},"f":{"0":0,"1":0,"2":0,"3":0,"4":0,"5":0},"b":{"0":[0,0,0,0],"1":[0,0]}}
,"/Users/RachelSophia/CSE112/Vue-Mini-Social-Network/public/js/src/components/post/like-list.vue": {"path":"/Users/RachelSophia/CSE112/Vue-Mini-Social-Network/public/js/src/components/post/like-list.vue","statementMap":{"0":{"start":{"line":2,"column":0},"end":{"line":null,"column":-1}},"1":{"start":{"line":3,"column":0},"end":{"line":null,"column":-1}},"2":{"start":{"line":14,"column":4},"end":{"line":null,"column":-1}},"3":{"start":{"line":25,"column":6},"end":{"line":null,"column":-1}},"4":{"start":{"line":29,"column":12},"end":{"line":null,"column":-1}},"5":{"start":{"line":34,"column":10},"end":{"line":29,"column":12}},"6":{"start":{"line":29,"column":12},"end":{"line":29,"column":11}},"7":{"start":{"line":35,"column":6},"end":{"line":null,"column":-1}},"8":{"start":{"line":40,"column":14},"end":{"line":null,"column":-1}},"9":{"start":{"line":43,"column":14},"end":{"line":null,"column":-1}},"10":{"start":{"line":48,"column":10},"end":{"line":43,"column":14}},"11":{"start":{"line":43,"column":14},"end":{"line":43,"column":13}},"12":{"start":{"line":49,"column":6},"end":{"line":null,"column":-1}},"13":{"start":{"line":53,"column":14},"end":{"line":null,"column":-1}},"14":{"start":{"line":57,"column":2},"end":{"line":null,"column":-1}},"15":{"start":{"line":57,"column":11},"end":{"line":null,"column":-1}},"16":{"start":{"line":58,"column":15},"end":{"line":57,"column":11}},"17":{"start":{"line":60,"column":6},"end":{"line":57,"column":11}}},"fnMap":{"0":{"name":"data","decl":{"start":{"line":5,"column":15},"end":{"line":13,"column":7}},"loc":{"start":{"line":13,"column":8},"end":{"line":5,"column":15}}},"1":{"name":"me","decl":{"start":{"line":23,"column":12},"end":{"line":24,"column":7}},"loc":{"start":{"line":24,"column":8},"end":{"line":26,"column":5}}},"2":{"name":"follow","decl":{"start":{"line":28,"column":11},"end":{"line":29,"column":11}},"loc":{"start":{"line":29,"column":12},"end":{"line":28,"column":11}}},"3":{"name":"done","decl":{"start":{"line":40,"column":14},"end":{"line":null,"column":-1}},"loc":{"start":{"line":40,"column":14},"end":{"line":null,"column":-1}}},"4":{"name":"unfollow","decl":{"start":{"line":28,"column":11},"end":{"line":43,"column":13}},"loc":{"start":{"line":43,"column":14},"end":{"line":55,"column":5}}},"5":{"name":"done","decl":{"start":{"line":53,"column":14},"end":{"line":null,"column":-1}},"loc":{"start":{"line":53,"column":14},"end":{"line":null,"column":-1}}},"6":{"name":"(anonymous_7)","decl":{"start":{"line":57,"column":2},"end":{"line":null,"column":-1}},"loc":{"start":{"line":57,"column":2},"end":{"line":null,"column":-1}}},"7":{"name":"_callee","decl":{"start":{"line":57,"column":11},"end":{"line":null,"column":-1}},"loc":{"start":{"line":57,"column":11},"end":{"line":57,"column":2}}}},"branchMap":{"0":{"loc":{"start":{"line":57,"column":11},"end":{"line":null,"column":-1}},"type":"switch","locations":[{"start":{"line":57,"column":11},"end":{"line":null,"column":-1}},{"start":{"line":57,"column":11},"end":{"line":null,"column":-1}},{"start":{"line":57,"column":11},"end":{"line":null,"column":-1}},{"start":{"line":57,"column":11},"end":{"line":null,"column":-1}}]},"1":{"loc":{"start":{"line":57,"column":11},"end":{"line":null,"column":-1}},"type":"if","locations":[{"start":{"line":57,"column":11},"end":{"line":null,"column":-1}},{"start":{"line":57,"column":11},"end":{"line":null,"column":-1}}]}},"s":{"0":0,"1":0,"2":0,"3":0,"4":0,"5":0,"6":0,"7":0,"8":0,"9":0,"10":0,"11":0,"12":0,"13":0,"14":0,"15":0,"16":0,"17":0},"f":{"0":0,"1":0,"2":0,"3":0,"4":0,"5":0,"6":0,"7":0},"b":{"0":[0,0,0,0],"1":[0,0]}}
,"/Users/RachelSophia/CSE112/Vue-Mini-Social-Network/public/js/src/components/post/likes.vue": {"path":"/Users/RachelSophia/CSE112/Vue-Mini-Social-Network/public/js/src/components/post/likes.vue","statementMap":{"0":{"start":{"line":2,"column":0},"end":{"line":null,"column":-1}},"1":{"start":{"line":3,"column":0},"end":{"line":null,"column":-1}},"2":{"start":{"line":4,"column":0},"end":{"line":null,"column":-1}},"3":{"start":{"line":13,"column":6},"end":{"line":null,"column":-1}},"4":{"start":{"line":18,"column":6},"end":{"line":null,"column":-1}},"5":{"start":{"line":22,"column":4},"end":{"line":null,"column":-1}}},"fnMap":{"0":{"name":"likes","decl":{"start":{"line":11,"column":12},"end":{"line":12,"column":10}},"loc":{"start":{"line":12,"column":11},"end":{"line":14,"column":5}}},"1":{"name":"Back","decl":{"start":{"line":16,"column":11},"end":{"line":17,"column":10}},"loc":{"start":{"line":17,"column":11},"end":{"line":19,"column":5}}},"2":{"name":"updated","decl":{"start":{"line":6,"column":15},"end":{"line":21,"column":10}},"loc":{"start":{"line":21,"column":11},"end":{"line":23,"column":3}}}},"branchMap":{},"s":{"0":0,"1":0,"2":0,"3":0,"4":0,"5":0},"f":{"0":0,"1":0,"2":0},"b":{}}
,"/Users/RachelSophia/CSE112/Vue-Mini-Social-Network/public/js/src/components/post/post.vue": {"path":"/Users/RachelSophia/CSE112/Vue-Mini-Social-Network/public/js/src/components/post/post.vue","statementMap":{"0":{"start":{"line":4,"column":4},"end":{"line":null,"column":-1}}},"fnMap":{"0":{"name":"data","decl":{"start":{"line":2,"column":15},"end":{"line":3,"column":7}},"loc":{"start":{"line":3,"column":8},"end":{"line":2,"column":15}}}},"branchMap":{},"s":{"0":0},"f":{"0":0},"b":{}}
,"/Users/RachelSophia/CSE112/Vue-Mini-Social-Network/public/js/src/components/post/view-post.vue": {"path":"/Users/RachelSophia/CSE112/Vue-Mini-Social-Network/public/js/src/components/post/view-post.vue","statementMap":{"0":{"start":{"line":2,"column":0},"end":{"line":null,"column":-1}},"1":{"start":{"line":3,"column":0},"end":{"line":null,"column":-1}},"2":{"start":{"line":4,"column":0},"end":{"line":null,"column":-1}},"3":{"start":{"line":5,"column":0},"end":{"line":null,"column":-1}},"4":{"start":{"line":13,"column":4},"end":{"line":null,"column":-1}},"5":{"start":{"line":22,"column":6},"end":{"line":null,"column":-1}},"6":{"start":{"line":25,"column":6},"end":{"line":null,"column":-1}},"7":{"start":{"line":30,"column":6},"end":{"line":null,"column":-1}},"8":{"start":{"line":33,"column":6},"end":{"line":null,"column":-1}},"9":{"start":{"line":34,"column":6},"end":{"line":null,"column":-1}},"10":{"start":{"line":36,"column":4},"end":{"line":null,"column":-1}},"11":{"start":{"line":36,"column":16},"end":{"line":null,"column":-1}},"12":{"start":{"line":39,"column":30},"end":{"line":36,"column":16}},"13":{"start":{"line":40,"column":10},"end":{"line":36,"column":16}},"14":{"start":{"line":41,"column":20},"end":{"line":36,"column":16}},"15":{"start":{"line":43,"column":18},"end":{"line":36,"column":16}},"16":{"start":{"line":45,"column":6},"end":{"line":null,"column":-1}},"17":{"start":{"line":47,"column":14},"end":{"line":null,"column":-1}},"18":{"start":{"line":49,"column":6},"end":{"line":null,"column":-1}},"19":{"start":{"line":51,"column":4},"end":{"line":null,"column":-1}},"20":{"start":{"line":51,"column":14},"end":{"line":null,"column":-1}},"21":{"start":{"line":53,"column":20},"end":{"line":51,"column":14}},"22":{"start":{"line":53,"column":30},"end":{"line":51,"column":14}},"23":{"start":{"line":53,"column":47},"end":{"line":51,"column":14}},"24":{"start":{"line":54,"column":8},"end":{"line":51,"column":14}},"25":{"start":{"line":59,"column":18},"end":{"line":51,"column":14}},"26":{"start":{"line":61,"column":6},"end":{"line":null,"column":-1}},"27":{"start":{"line":62,"column":6},"end":{"line":null,"column":-1}},"28":{"start":{"line":64,"column":4},"end":{"line":null,"column":-1}},"29":{"start":{"line":64,"column":10},"end":{"line":null,"column":-1}},"30":{"start":{"line":66,"column":20},"end":{"line":64,"column":10}},"31":{"start":{"line":66,"column":30},"end":{"line":64,"column":10}},"32":{"start":{"line":66,"column":37},"end":{"line":64,"column":10}},"33":{"start":{"line":67,"column":10},"end":{"line":64,"column":10}},"34":{"start":{"line":68,"column":6},"end":{"line":null,"column":-1}},"35":{"start":{"line":69,"column":6},"end":{"line":null,"column":-1}},"36":{"start":{"line":70,"column":6},"end":{"line":null,"column":-1}},"37":{"start":{"line":72,"column":4},"end":{"line":null,"column":-1}},"38":{"start":{"line":72,"column":12},"end":{"line":null,"column":-1}},"39":{"start":{"line":74,"column":20},"end":{"line":72,"column":12}},"40":{"start":{"line":74,"column":30},"end":{"line":72,"column":12}},"41":{"start":{"line":74,"column":37},"end":{"line":72,"column":12}},"42":{"start":{"line":75,"column":10},"end":{"line":72,"column":12}},"43":{"start":{"line":76,"column":6},"end":{"line":null,"column":-1}},"44":{"start":{"line":77,"column":6},"end":{"line":null,"column":-1}},"45":{"start":{"line":78,"column":6},"end":{"line":null,"column":-1}},"46":{"start":{"line":81,"column":2},"end":{"line":null,"column":-1}},"47":{"start":{"line":81,"column":11},"end":{"line":null,"column":-1}},"48":{"start":{"line":84,"column":8},"end":{"line":81,"column":11}},"49":{"start":{"line":85,"column":28},"end":{"line":81,"column":11}},"50":{"start":{"line":86,"column":8},"end":{"line":81,"column":11}},"51":{"start":{"line":87,"column":18},"end":{"line":81,"column":11}},"52":{"start":{"line":89,"column":14},"end":{"line":81,"column":11}},"53":{"start":{"line":90,"column":14},"end":{"line":81,"column":11}},"54":{"start":{"line":91,"column":14},"end":{"line":81,"column":11}},"55":{"start":{"line":93,"column":4},"end":{"line":null,"column":-1}},"56":{"start":{"line":94,"column":4},"end":{"line":null,"column":-1}},"57":{"start":{"line":95,"column":4},"end":{"line":null,"column":-1}},"58":{"start":{"line":96,"column":4},"end":{"line":null,"column":-1}}},"fnMap":{"0":{"name":"data","decl":{"start":{"line":7,"column":15},"end":{"line":12,"column":7}},"loc":{"start":{"line":12,"column":8},"end":{"line":7,"column":15}}},"1":{"name":"imgSrc","decl":{"start":{"line":20,"column":12},"end":{"line":21,"column":11}},"loc":{"start":{"line":21,"column":12},"end":{"line":20,"column":12}}},"2":{"name":"likes_len","decl":{"start":{"line":20,"column":12},"end":{"line":24,"column":14}},"loc":{"start":{"line":24,"column":15},"end":{"line":26,"column":5}}},"3":{"name":"Back","decl":{"start":{"line":28,"column":11},"end":{"line":29,"column":9}},"loc":{"start":{"line":29,"column":10},"end":{"line":28,"column":11}}},"4":{"name":"_toggle","decl":{"start":{"line":28,"column":11},"end":{"line":32,"column":11}},"loc":{"start":{"line":32,"column":18},"end":{"line":28,"column":11}}},"5":{"name":"(anonymous_6)","decl":{"start":{"line":36,"column":4},"end":{"line":null,"column":-1}},"loc":{"start":{"line":36,"column":4},"end":{"line":28,"column":10}}},"6":{"name":"_callee","decl":{"start":{"line":36,"column":16},"end":{"line":null,"column":-1}},"loc":{"start":{"line":36,"column":16},"end":{"line":36,"column":4}}},"7":{"name":"done","decl":{"start":{"line":47,"column":14},"end":{"line":null,"column":-1}},"loc":{"start":{"line":47,"column":14},"end":{"line":null,"column":-1}}},"8":{"name":"(anonymous_11)","decl":{"start":{"line":51,"column":4},"end":{"line":null,"column":-1}},"loc":{"start":{"line":51,"column":4},"end":{"line":28,"column":10}}},"9":{"name":"_callee2","decl":{"start":{"line":51,"column":14},"end":{"line":null,"column":-1}},"loc":{"start":{"line":51,"column":14},"end":{"line":51,"column":4}}},"10":{"name":"(anonymous_15)","decl":{"start":{"line":64,"column":4},"end":{"line":null,"column":-1}},"loc":{"start":{"line":64,"column":4},"end":{"line":28,"column":10}}},"11":{"name":"_callee3","decl":{"start":{"line":64,"column":10},"end":{"line":null,"column":-1}},"loc":{"start":{"line":64,"column":10},"end":{"line":64,"column":4}}},"12":{"name":"(anonymous_19)","decl":{"start":{"line":72,"column":4},"end":{"line":null,"column":-1}},"loc":{"start":{"line":72,"column":4},"end":{"line":null,"column":-1}}},"13":{"name":"_callee4","decl":{"start":{"line":72,"column":12},"end":{"line":null,"column":-1}},"loc":{"start":{"line":72,"column":12},"end":{"line":72,"column":4}}},"14":{"name":"(anonymous_23)","decl":{"start":{"line":81,"column":2},"end":{"line":null,"column":-1}},"loc":{"start":{"line":81,"column":2},"end":{"line":null,"column":-1}}},"15":{"name":"_callee5","decl":{"start":{"line":81,"column":11},"end":{"line":null,"column":-1}},"loc":{"start":{"line":81,"column":11},"end":{"line":81,"column":2}}}},"branchMap":{"0":{"loc":{"start":{"line":34,"column":26},"end":{"line":34,"column":6}},"type":"cond-expr","locations":[{"start":{"line":34,"column":26},"end":{"line":34,"column":6}},{"start":{"line":34,"column":50},"end":{"line":34,"column":6}}]},"1":{"loc":{"start":{"line":36,"column":16},"end":{"line":null,"column":-1}},"type":"switch","locations":[{"start":{"line":36,"column":16},"end":{"line":null,"column":-1}},{"start":{"line":36,"column":16},"end":{"line":49,"column":6}},{"start":{"line":36,"column":16},"end":{"line":null,"column":-1}},{"start":{"line":36,"column":16},"end":{"line":null,"column":-1}}]},"2":{"loc":{"start":{"line":51,"column":14},"end":{"line":null,"column":-1}},"type":"switch","locations":[{"start":{"line":51,"column":14},"end":{"line":null,"column":-1}},{"start":{"line":51,"column":14},"end":{"line":62,"column":6}},{"start":{"line":51,"column":14},"end":{"line":null,"column":-1}},{"start":{"line":51,"column":14},"end":{"line":null,"column":-1}}]},"3":{"loc":{"start":{"line":64,"column":10},"end":{"line":null,"column":-1}},"type":"switch","locations":[{"start":{"line":64,"column":10},"end":{"line":null,"column":-1}},{"start":{"line":64,"column":10},"end":{"line":70,"column":6}},{"start":{"line":64,"column":10},"end":{"line":null,"column":-1}},{"start":{"line":64,"column":10},"end":{"line":null,"column":-1}}]},"4":{"loc":{"start":{"line":72,"column":12},"end":{"line":null,"column":-1}},"type":"switch","locations":[{"start":{"line":72,"column":12},"end":{"line":null,"column":-1}},{"start":{"line":72,"column":12},"end":{"line":78,"column":6}},{"start":{"line":72,"column":12},"end":{"line":null,"column":-1}},{"start":{"line":72,"column":12},"end":{"line":null,"column":-1}}]},"5":{"loc":{"start":{"line":81,"column":11},"end":{"line":null,"column":-1}},"type":"switch","locations":[{"start":{"line":81,"column":11},"end":{"line":null,"column":-1}},{"start":{"line":81,"column":11},"end":{"line":null,"column":-1}},{"start":{"line":81,"column":11},"end":{"line":null,"column":-1}},{"start":{"line":81,"column":11},"end":{"line":96,"column":4}},{"start":{"line":81,"column":11},"end":{"line":null,"column":-1}},{"start":{"line":81,"column":11},"end":{"line":null,"column":-1}}]},"6":{"loc":{"start":{"line":93,"column":13},"end":{"line":93,"column":4}},"type":"cond-expr","locations":[{"start":{"line":93,"column":13},"end":{"line":93,"column":4}},{"start":{"line":93,"column":43},"end":{"line":93,"column":4}}]}},"s":{"0":0,"1":0,"2":0,"3":0,"4":0,"5":0,"6":0,"7":0,"8":0,"9":0,"10":0,"11":0,"12":0,"13":0,"14":0,"15":0,"16":0,"17":0,"18":0,"19":0,"20":0,"21":0,"22":0,"23":0,"24":0,"25":0,"26":0,"27":0,"28":0,"29":0,"30":0,"31":0,"32":0,"33":0,"34":0,"35":0,"36":0,"37":0,"38":0,"39":0,"40":0,"41":0,"42":0,"43":0,"44":0,"45":0,"46":0,"47":0,"48":0,"49":0,"50":0,"51":0,"52":0,"53":0,"54":0,"55":0,"56":0,"57":0,"58":0},"f":{"0":0,"1":0,"2":0,"3":0,"4":0,"5":0,"6":0,"7":0,"8":0,"9":0,"10":0,"11":0,"12":0,"13":0,"14":0,"15":0},"b":{"0":[0,0],"1":[0,0,0,0],"2":[0,0,0,0],"3":[0,0,0,0],"4":[0,0,0,0],"5":[0,0,0,0,0,0],"6":[0,0]}}
,"/Users/RachelSophia/CSE112/Vue-Mini-Social-Network/public/js/src/components/profile/banner.vue": {"path":"/Users/RachelSophia/CSE112/Vue-Mini-Social-Network/public/js/src/components/profile/banner.vue","statementMap":{"0":{"start":{"line":2,"column":0},"end":{"line":null,"column":-1}},"1":{"start":{"line":3,"column":0},"end":{"line":null,"column":-1}},"2":{"start":{"line":4,"column":0},"end":{"line":null,"column":-1}},"3":{"start":{"line":12,"column":4},"end":{"line":null,"column":-1}},"4":{"start":{"line":19,"column":6},"end":{"line":null,"column":-1}},"5":{"start":{"line":23,"column":4},"end":{"line":null,"column":-1}},"6":{"start":{"line":23,"column":12},"end":{"line":null,"column":-1}},"7":{"start":{"line":28,"column":6},"end":{"line":null,"column":-1}},"8":{"start":{"line":34,"column":10},"end":{"line":null,"column":-1}},"9":{"start":{"line":38,"column":4},"end":{"line":null,"column":-1}},"10":{"start":{"line":38,"column":14},"end":{"line":null,"column":-1}},"11":{"start":{"line":40,"column":16},"end":{"line":38,"column":14}},"12":{"start":{"line":43,"column":6},"end":{"line":null,"column":-1}},"13":{"start":{"line":48,"column":10},"end":{"line":null,"column":-1}},"14":{"start":{"line":49,"column":10},"end":{"line":null,"column":-1}},"15":{"start":{"line":54,"column":2},"end":{"line":null,"column":-1}},"16":{"start":{"line":54,"column":11},"end":{"line":null,"column":-1}},"17":{"start":{"line":55,"column":4},"end":{"line":54,"column":11}},"18":{"start":{"line":56,"column":4},"end":{"line":54,"column":11}},"19":{"start":{"line":58,"column":2},"end":{"line":null,"column":-1}},"20":{"start":{"line":58,"column":11},"end":{"line":null,"column":-1}},"21":{"start":{"line":59,"column":4},"end":{"line":58,"column":11}},"22":{"start":{"line":60,"column":4},"end":{"line":58,"column":11}}},"fnMap":{"0":{"name":"data","decl":{"start":{"line":6,"column":15},"end":{"line":11,"column":7}},"loc":{"start":{"line":11,"column":8},"end":{"line":6,"column":15}}},"1":{"name":"posts_len","decl":{"start":{"line":17,"column":12},"end":{"line":18,"column":14}},"loc":{"start":{"line":18,"column":15},"end":{"line":20,"column":5}}},"2":{"name":"(anonymous_4)","decl":{"start":{"line":23,"column":4},"end":{"line":null,"column":-1}},"loc":{"start":{"line":23,"column":4},"end":{"line":22,"column":10}}},"3":{"name":"_callee","decl":{"start":{"line":23,"column":12},"end":{"line":null,"column":-1}},"loc":{"start":{"line":23,"column":12},"end":{"line":23,"column":4}}},"4":{"name":"done","decl":{"start":{"line":33,"column":14},"end":{"line":33,"column":19}},"loc":{"start":{"line":33,"column":20},"end":{"line":35,"column":9}}},"5":{"name":"(anonymous_9)","decl":{"start":{"line":38,"column":4},"end":{"line":null,"column":-1}},"loc":{"start":{"line":38,"column":4},"end":{"line":null,"column":-1}}},"6":{"name":"_callee2","decl":{"start":{"line":38,"column":14},"end":{"line":null,"column":-1}},"loc":{"start":{"line":38,"column":14},"end":{"line":38,"column":4}}},"7":{"name":"done","decl":{"start":{"line":47,"column":14},"end":{"line":47,"column":19}},"loc":{"start":{"line":47,"column":20},"end":{"line":50,"column":9}}},"8":{"name":"(anonymous_14)","decl":{"start":{"line":54,"column":2},"end":{"line":null,"column":-1}},"loc":{"start":{"line":54,"column":2},"end":{"line":6,"column":14}}},"9":{"name":"_callee3","decl":{"start":{"line":54,"column":11},"end":{"line":null,"column":-1}},"loc":{"start":{"line":54,"column":11},"end":{"line":54,"column":2}}},"10":{"name":"(anonymous_18)","decl":{"start":{"line":58,"column":2},"end":{"line":null,"column":-1}},"loc":{"start":{"line":58,"column":2},"end":{"line":null,"column":-1}}},"11":{"name":"_callee4","decl":{"start":{"line":58,"column":11},"end":{"line":null,"column":-1}},"loc":{"start":{"line":58,"column":11},"end":{"line":58,"column":2}}}},"branchMap":{"0":{"loc":{"start":{"line":23,"column":12},"end":{"line":28,"column":6}},"type":"switch","locations":[{"start":{"line":23,"column":12},"end":{"line":28,"column":6}},{"start":{"line":23,"column":12},"end":{"line":null,"column":-1}},{"start":{"line":23,"column":12},"end":{"line":null,"column":-1}}]},"1":{"loc":{"start":{"line":38,"column":14},"end":{"line":43,"column":6}},"type":"switch","locations":[{"start":{"line":38,"column":14},"end":{"line":43,"column":6}},{"start":{"line":38,"column":14},"end":{"line":null,"column":-1}},{"start":{"line":38,"column":14},"end":{"line":null,"column":-1}}]},"2":{"loc":{"start":{"line":54,"column":11},"end":{"line":null,"column":-1}},"type":"switch","locations":[{"start":{"line":54,"column":11},"end":{"line":null,"column":-1}},{"start":{"line":54,"column":11},"end":{"line":null,"column":-1}},{"start":{"line":54,"column":11},"end":{"line":null,"column":-1}},{"start":{"line":54,"column":11},"end":{"line":null,"column":-1}},{"start":{"line":54,"column":11},"end":{"line":null,"column":-1}}]},"3":{"loc":{"start":{"line":58,"column":11},"end":{"line":null,"column":-1}},"type":"switch","locations":[{"start":{"line":58,"column":11},"end":{"line":null,"column":-1}},{"start":{"line":58,"column":11},"end":{"line":null,"column":-1}},{"start":{"line":58,"column":11},"end":{"line":null,"column":-1}},{"start":{"line":58,"column":11},"end":{"line":null,"column":-1}},{"start":{"line":58,"column":11},"end":{"line":null,"column":-1}}]}},"s":{"0":0,"1":0,"2":0,"3":0,"4":0,"5":0,"6":0,"7":0,"8":0,"9":0,"10":0,"11":0,"12":0,"13":0,"14":0,"15":0,"16":0,"17":0,"18":0,"19":0,"20":0,"21":0,"22":0},"f":{"0":0,"1":0,"2":0,"3":0,"4":0,"5":0,"6":0,"7":0,"8":0,"9":0,"10":0,"11":0},"b":{"0":[0,0,0],"1":[0,0,0],"2":[0,0,0,0,0],"3":[0,0,0,0,0]}}
,"/Users/RachelSophia/CSE112/Vue-Mini-Social-Network/public/js/src/components/profile/posts.vue": {"path":"/Users/RachelSophia/CSE112/Vue-Mini-Social-Network/public/js/src/components/profile/posts.vue","statementMap":{"0":{"start":{"line":2,"column":0},"end":{"line":null,"column":-1}},"1":{"start":{"line":3,"column":0},"end":{"line":null,"column":-1}},"2":{"start":{"line":12,"column":6},"end":{"line":null,"column":-1}},"3":{"start":{"line":15,"column":6},"end":{"line":null,"column":-1}}},"fnMap":{"0":{"name":"posts","decl":{"start":{"line":10,"column":12},"end":{"line":11,"column":10}},"loc":{"start":{"line":11,"column":11},"end":{"line":10,"column":12}}},"1":{"name":"noMssg","decl":{"start":{"line":10,"column":12},"end":{"line":14,"column":11}},"loc":{"start":{"line":14,"column":12},"end":{"line":16,"column":5}}}},"branchMap":{},"s":{"0":0,"1":0,"2":0,"3":0},"f":{"0":0,"1":0},"b":{}}
,"/Users/RachelSophia/CSE112/Vue-Mini-Social-Network/public/js/src/components/profile/profile.vue": {"path":"/Users/RachelSophia/CSE112/Vue-Mini-Social-Network/public/js/src/components/profile/profile.vue","statementMap":{"0":{"start":{"line":2,"column":0},"end":{"line":null,"column":-1}},"1":{"start":{"line":3,"column":0},"end":{"line":null,"column":-1}},"2":{"start":{"line":4,"column":0},"end":{"line":null,"column":-1}},"3":{"start":{"line":5,"column":0},"end":{"line":null,"column":-1}},"4":{"start":{"line":10,"column":4},"end":{"line":null,"column":-1}},"5":{"start":{"line":16,"column":6},"end":{"line":null,"column":-1}},"6":{"start":{"line":20,"column":4},"end":{"line":null,"column":-1}},"7":{"start":{"line":23,"column":4},"end":{"line":null,"column":-1}}},"fnMap":{"0":{"name":"data","decl":{"start":{"line":7,"column":15},"end":{"line":9,"column":7}},"loc":{"start":{"line":9,"column":8},"end":{"line":7,"column":15}}},"1":{"name":"$route","decl":{"start":{"line":14,"column":9},"end":{"line":15,"column":13}},"loc":{"start":{"line":15,"column":24},"end":{"line":17,"column":5}}},"2":{"name":"created","decl":{"start":{"line":7,"column":15},"end":{"line":19,"column":10}},"loc":{"start":{"line":19,"column":11},"end":{"line":7,"column":15}}},"3":{"name":"updated","decl":{"start":{"line":7,"column":15},"end":{"line":22,"column":10}},"loc":{"start":{"line":22,"column":11},"end":{"line":7,"column":15}}}},"branchMap":{},"s":{"0":0,"1":0,"2":0,"3":0,"4":0,"5":0,"6":0,"7":0},"f":{"0":0,"1":0,"2":0,"3":0},"b":{}}
,"/Users/RachelSophia/CSE112/Vue-Mini-Social-Network/public/js/src/f&d/directives.js": {"path":"/Users/RachelSophia/CSE112/Vue-Mini-Social-Network/public/js/src/f&d/directives.js","statementMap":{"0":{"start":{"line":3,"column":0},"end":{"line":null,"column":-1}},"1":{"start":{"line":7,"column":12},"end":{"line":null,"column":-1}},"2":{"start":{"line":8,"column":10},"end":{"line":null,"column":-1}}},"fnMap":{"0":{"name":"inserted","decl":{"start":{"line":7,"column":12},"end":{"line":7,"column":12}},"loc":{"start":{"line":7,"column":12},"end":{"line":6,"column":23}}},"1":{"name":"update","decl":{"start":{"line":8,"column":10},"end":{"line":8,"column":10}},"loc":{"start":{"line":8,"column":10},"end":{"line":null,"column":-1}}}},"branchMap":{},"s":{"0":0,"1":0,"2":0},"f":{"0":0,"1":0},"b":{}}
,"/Users/RachelSophia/CSE112/Vue-Mini-Social-Network/public/js/src/f&d/filters.js": {"path":"/Users/RachelSophia/CSE112/Vue-Mini-Social-Network/public/js/src/f&d/filters.js","statementMap":{"0":{"start":{"line":3,"column":0},"end":{"line":null,"column":-1}},"1":{"start":{"line":4,"column":0},"end":{"line":null,"column":-1}},"2":{"start":{"line":7,"column":0},"end":{"line":null,"column":-1}},"3":{"start":{"line":7,"column":22},"end":{"line":null,"column":-1}},"4":{"start":{"line":12,"column":0},"end":{"line":null,"column":-1}},"5":{"start":{"line":12,"column":27},"end":{"line":null,"column":-1}},"6":{"start":{"line":17,"column":0},"end":{"line":null,"column":-1}},"7":{"start":{"line":19,"column":10},"end":{"line":18,"column":2}},"8":{"start":{"line":20,"column":10},"end":{"line":18,"column":2}},"9":{"start":{"line":21,"column":2},"end":{"line":null,"column":-1}}},"fnMap":{"0":{"name":"(anonymous_1)","decl":{"start":{"line":7,"column":22},"end":{"line":null,"column":-1}},"loc":{"start":{"line":7,"column":22},"end":{"line":7,"column":0}}},"1":{"name":"(anonymous_2)","decl":{"start":{"line":12,"column":27},"end":{"line":null,"column":-1}},"loc":{"start":{"line":12,"column":27},"end":{"line":12,"column":0}}},"2":{"name":"(anonymous_3)","decl":{"start":{"line":17,"column":20},"end":{"line":17,"column":28}},"loc":{"start":{"line":17,"column":29},"end":{"line":17,"column":0}}}},"branchMap":{"0":{"loc":{"start":{"line":21,"column":24},"end":{"line":21,"column":9}},"type":"cond-expr","locations":[{"start":{"line":21,"column":24},"end":{"line":21,"column":9}},{"start":{"line":21,"column":55},"end":{"line":21,"column":2}}]},"1":{"loc":{"start":{"line":21,"column":68},"end":{"line":21,"column":55}},"type":"cond-expr","locations":[{"start":{"line":21,"column":68},"end":{"line":21,"column":55}},{"start":{"line":21,"column":76},"end":{"line":21,"column":2}}]}},"s":{"0":0,"1":0,"2":0,"3":0,"4":0,"5":0,"6":0,"7":0,"8":0,"9":0},"f":{"0":0,"1":0,"2":0},"b":{"0":[0,0],"1":[0,0]}}
,"/Users/RachelSophia/CSE112/Vue-Mini-Social-Network/public/js/src/mixins/module-mixin.js": {"path":"/Users/RachelSophia/CSE112/Vue-Mini-Social-Network/public/js/src/mixins/module-mixin.js","statementMap":{"0":{"start":{"line":8,"column":6},"end":{"line":null,"column":-1}},"1":{"start":{"line":13,"column":6},"end":{"line":null,"column":-1}},"2":{"start":{"line":18,"column":6},"end":{"line":null,"column":-1}},"3":{"start":{"line":23,"column":6},"end":{"line":null,"column":-1}},"4":{"start":{"line":28,"column":6},"end":{"line":null,"column":-1}}},"fnMap":{"0":{"name":"p","decl":{"start":{"line":4,"column":12},"end":{"line":7,"column":7}},"loc":{"start":{"line":7,"column":8},"end":{"line":4,"column":12}}},"1":{"name":"f","decl":{"start":{"line":4,"column":12},"end":{"line":12,"column":7}},"loc":{"start":{"line":12,"column":8},"end":{"line":4,"column":12}}},"2":{"name":"u","decl":{"start":{"line":4,"column":12},"end":{"line":17,"column":7}},"loc":{"start":{"line":17,"column":8},"end":{"line":4,"column":12}}},"3":{"name":"e","decl":{"start":{"line":4,"column":12},"end":{"line":22,"column":7}},"loc":{"start":{"line":22,"column":8},"end":{"line":4,"column":12}}},"4":{"name":"pi","decl":{"start":{"line":4,"column":12},"end":{"line":27,"column":8}},"loc":{"start":{"line":27,"column":9},"end":{"line":29,"column":5}}}},"branchMap":{},"s":{"0":0,"1":0,"2":0,"3":0,"4":0},"f":{"0":0,"1":0,"2":0,"3":0,"4":0},"b":{}}
,"/Users/RachelSophia/CSE112/Vue-Mini-Social-Network/public/js/src/mixins/user-mixin.js": {"path":"/Users/RachelSophia/CSE112/Vue-Mini-Social-Network/public/js/src/mixins/user-mixin.js","statementMap":{"0":{"start":{"line":7,"column":6},"end":{"line":null,"column":-1}},"1":{"start":{"line":11,"column":6},"end":{"line":null,"column":-1}},"2":{"start":{"line":16,"column":6},"end":{"line":null,"column":-1}},"3":{"start":{"line":21,"column":6},"end":{"line":null,"column":-1}}},"fnMap":{"0":{"name":"user","decl":{"start":{"line":4,"column":12},"end":{"line":6,"column":10}},"loc":{"start":{"line":6,"column":11},"end":{"line":4,"column":12}}},"1":{"name":"session","decl":{"start":{"line":4,"column":12},"end":{"line":10,"column":13}},"loc":{"start":{"line":10,"column":14},"end":{"line":4,"column":12}}},"2":{"name":"imgSrc","decl":{"start":{"line":4,"column":12},"end":{"line":15,"column":11}},"loc":{"start":{"line":15,"column":12},"end":{"line":4,"column":12}}},"3":{"name":"me","decl":{"start":{"line":4,"column":12},"end":{"line":20,"column":7}},"loc":{"start":{"line":20,"column":8},"end":{"line":22,"column":5}}}},"branchMap":{},"s":{"0":0,"1":0,"2":0,"3":0},"f":{"0":0,"1":0,"2":0,"3":0},"b":{}}
,"/Users/RachelSophia/CSE112/Vue-Mini-Social-Network/public/js/src/router/profile-router.js": {"path":"/Users/RachelSophia/CSE112/Vue-Mini-Social-Network/public/js/src/router/profile-router.js","statementMap":{"0":{"start":{"line":3,"column":0},"end":{"line":null,"column":-1}},"1":{"start":{"line":4,"column":0},"end":{"line":null,"column":-1}},"2":{"start":{"line":5,"column":0},"end":{"line":null,"column":-1}},"3":{"start":{"line":6,"column":0},"end":{"line":null,"column":-1}},"4":{"start":{"line":7,"column":0},"end":{"line":null,"column":-1}},"5":{"start":{"line":8,"column":0},"end":{"line":null,"column":-1}},"6":{"start":{"line":9,"column":0},"end":{"line":null,"column":-1}}},"fnMap":{},"branchMap":{},"s":{"0":0,"1":0,"2":0,"3":0,"4":0,"5":0,"6":0},"f":{},"b":{}}
,"/Users/RachelSophia/CSE112/Vue-Mini-Social-Network/public/js/src/router/rest-router.js": {"path":"/Users/RachelSophia/CSE112/Vue-Mini-Social-Network/public/js/src/router/rest-router.js","statementMap":{"0":{"start":{"line":3,"column":0},"end":{"line":null,"column":-1}},"1":{"start":{"line":4,"column":0},"end":{"line":null,"column":-1}},"2":{"start":{"line":5,"column":0},"end":{"line":null,"column":-1}},"3":{"start":{"line":6,"column":0},"end":{"line":null,"column":-1}},"4":{"start":{"line":7,"column":0},"end":{"line":null,"column":-1}},"5":{"start":{"line":8,"column":0},"end":{"line":null,"column":-1}},"6":{"start":{"line":9,"column":0},"end":{"line":null,"column":-1}},"7":{"start":{"line":10,"column":0},"end":{"line":null,"column":-1}},"8":{"start":{"line":11,"column":0},"end":{"line":null,"column":-1}},"9":{"start":{"line":13,"column":13},"end":{"line":13,"column":7}},"10":{"start":{"line":29,"column":13},"end":{"line":29,"column":7}},"11":{"start":{"line":35,"column":13},"end":{"line":35,"column":7}},"12":{"start":{"line":42,"column":13},"end":{"line":42,"column":7}},"13":{"start":{"line":60,"column":13},"end":{"line":60,"column":7}},"14":{"start":{"line":67,"column":13},"end":{"line":67,"column":7}},"15":{"start":{"line":74,"column":13},"end":{"line":74,"column":7}}},"fnMap":{},"branchMap":{},"s":{"0":0,"1":0,"2":0,"3":0,"4":0,"5":0,"6":0,"7":0,"8":0,"9":0,"10":0,"11":0,"12":0,"13":0,"14":0,"15":0},"f":{},"b":{}}
,"/Users/RachelSophia/CSE112/Vue-Mini-Social-Network/public/js/src/router/router.js": {"path":"/Users/RachelSophia/CSE112/Vue-Mini-Social-Network/public/js/src/router/router.js","statementMap":{"0":{"start":{"line":3,"column":0},"end":{"line":null,"column":-1}},"1":{"start":{"line":4,"column":0},"end":{"line":null,"column":-1}}},"fnMap":{},"branchMap":{},"s":{"0":0,"1":0},"f":{},"b":{}}
,"/Users/RachelSophia/CSE112/Vue-Mini-Social-Network/public/js/src/store/store.js": {"path":"/Users/RachelSophia/CSE112/Vue-Mini-Social-Network/public/js/src/store/store.js","statementMap":{"0":{"start":{"line":3,"column":0},"end":{"line":null,"column":-1}},"1":{"start":{"line":4,"column":0},"end":{"line":null,"column":-1}},"2":{"start":{"line":6,"column":0},"end":{"line":null,"column":-1}},"3":{"start":{"line":7,"column":0},"end":{"line":null,"column":-1}},"4":{"start":{"line":8,"column":0},"end":{"line":null,"column":-1}},"5":{"start":{"line":9,"column":0},"end":{"line":null,"column":-1}},"6":{"start":{"line":10,"column":0},"end":{"line":null,"column":-1}},"7":{"start":{"line":14,"column":14},"end":{"line":14,"column":0}}},"fnMap":{},"branchMap":{},"s":{"0":0,"1":0,"2":0,"3":0,"4":0,"5":0,"6":0,"7":0},"f":{},"b":{}}
,"/Users/RachelSophia/CSE112/Vue-Mini-Social-Network/public/js/src/store/actions/explore-a.js": {"path":"/Users/RachelSophia/CSE112/Vue-Mini-Social-Network/public/js/src/store/actions/explore-a.js","statementMap":{"0":{"start":{"line":1,"column":0},"end":{"line":null,"column":-1}},"1":{"start":{"line":5,"column":2},"end":{"line":null,"column":-1}},"2":{"start":{"line":5,"column":15},"end":{"line":5,"column":14}},"3":{"start":{"line":5,"column":15},"end":{"line":null,"column":-1}},"4":{"start":{"line":6,"column":16},"end":{"line":5,"column":15}},"5":{"start":{"line":7,"column":4},"end":{"line":null,"column":-1}}},"fnMap":{"0":{"name":"(anonymous_1)","decl":{"start":{"line":5,"column":2},"end":{"line":null,"column":-1}},"loc":{"start":{"line":5,"column":2},"end":{"line":null,"column":-1}}},"1":{"name":"_callee","decl":{"start":{"line":5,"column":15},"end":{"line":null,"column":-1}},"loc":{"start":{"line":5,"column":15},"end":{"line":5,"column":2}}}},"branchMap":{"0":{"loc":{"start":{"line":5,"column":15},"end":{"line":null,"column":-1}},"type":"switch","locations":[{"start":{"line":5,"column":15},"end":{"line":null,"column":-1}},{"start":{"line":5,"column":15},"end":{"line":7,"column":4}},{"start":{"line":5,"column":15},"end":{"line":null,"column":-1}},{"start":{"line":5,"column":15},"end":{"line":null,"column":-1}}]}},"s":{"0":0,"1":0,"2":0,"3":0,"4":0,"5":0},"f":{"0":0,"1":0},"b":{"0":[0,0,0,0]}}
,"/Users/RachelSophia/CSE112/Vue-Mini-Social-Network/public/js/src/store/actions/follow-a.js": {"path":"/Users/RachelSophia/CSE112/Vue-Mini-Social-Network/public/js/src/store/actions/follow-a.js","statementMap":{"0":{"start":{"line":1,"column":0},"end":{"line":null,"column":-1}},"1":{"start":{"line":5,"column":2},"end":{"line":null,"column":-1}},"2":{"start":{"line":5,"column":15},"end":{"line":5,"column":14}},"3":{"start":{"line":5,"column":15},"end":{"line":null,"column":-1}},"4":{"start":{"line":6,"column":10},"end":{"line":5,"column":15}},"5":{"start":{"line":7,"column":4},"end":{"line":null,"column":-1}},"6":{"start":{"line":10,"column":2},"end":{"line":null,"column":-1}},"7":{"start":{"line":10,"column":14},"end":{"line":10,"column":13}},"8":{"start":{"line":10,"column":14},"end":{"line":null,"column":-1}},"9":{"start":{"line":11,"column":10},"end":{"line":10,"column":14}},"10":{"start":{"line":12,"column":4},"end":{"line":null,"column":-1}},"11":{"start":{"line":15,"column":2},"end":{"line":null,"column":-1}},"12":{"start":{"line":15,"column":16},"end":{"line":15,"column":15}},"13":{"start":{"line":15,"column":16},"end":{"line":null,"column":-1}},"14":{"start":{"line":16,"column":10},"end":{"line":15,"column":16}},"15":{"start":{"line":17,"column":4},"end":{"line":null,"column":-1}},"16":{"start":{"line":20,"column":2},"end":{"line":null,"column":-1}},"17":{"start":{"line":20,"column":15},"end":{"line":20,"column":14}},"18":{"start":{"line":20,"column":15},"end":{"line":null,"column":-1}},"19":{"start":{"line":21,"column":10},"end":{"line":20,"column":15}},"20":{"start":{"line":22,"column":4},"end":{"line":null,"column":-1}},"21":{"start":{"line":25,"column":2},"end":{"line":null,"column":-1}},"22":{"start":{"line":25,"column":17},"end":{"line":25,"column":16}},"23":{"start":{"line":25,"column":17},"end":{"line":null,"column":-1}},"24":{"start":{"line":26,"column":10},"end":{"line":25,"column":17}},"25":{"start":{"line":27,"column":4},"end":{"line":null,"column":-1}},"26":{"start":{"line":30,"column":2},"end":{"line":null,"column":-1}},"27":{"start":{"line":30,"column":12},"end":{"line":30,"column":11}},"28":{"start":{"line":30,"column":12},"end":{"line":null,"column":-1}},"29":{"start":{"line":31,"column":10},"end":{"line":30,"column":12}},"30":{"start":{"line":32,"column":4},"end":{"line":null,"column":-1}}},"fnMap":{"0":{"name":"(anonymous_1)","decl":{"start"
[...]
:{"line":91,"column":7}},"55":{"start":{"line":91,"column":13},"end":{"line":null,"column":-1}},"56":{"start":{"line":91,"column":27},"end":{"line":null,"column":-1}},"57":{"start":{"line":92,"column":8},"end":{"line":91,"column":27}},"58":{"start":{"line":96,"column":13},"end":{"line":96,"column":7}},"59":{"start":{"line":96,"column":13},"end":{"line":null,"column":-1}},"60":{"start":{"line":96,"column":25},"end":{"line":null,"column":-1}},"61":{"start":{"line":97,"column":8},"end":{"line":96,"column":25}},"62":{"start":{"line":101,"column":13},"end":{"line":101,"column":7}},"63":{"start":{"line":101,"column":13},"end":{"line":null,"column":-1}},"64":{"start":{"line":101,"column":26},"end":{"line":null,"column":-1}},"65":{"start":{"line":102,"column":8},"end":{"line":101,"column":26}},"66":{"start":{"line":103,"column":2},"end":{"line":null,"column":-1}},"67":{"start":{"line":107,"column":13},"end":{"line":107,"column":7}},"68":{"start":{"line":107,"column":13},"end":{"line":null,"column":-1}},"69":{"start":{"line":107,"column":29},"end":{"line":null,"column":-1}},"70":{"start":{"line":108,"column":8},"end":{"line":107,"column":29}},"71":{"start":{"line":113,"column":13},"end":{"line":113,"column":7}},"72":{"start":{"line":115,"column":43},"end":{"line":113,"column":47}},"73":{"start":{"line":113,"column":47},"end":{"line":null,"column":-1}},"74":{"start":{"line":118,"column":2},"end":{"line":126,"column":3}},"75":{"start":{"line":119,"column":4},"end":{"line":null,"column":-1}},"76":{"start":{"line":120,"column":9},"end":{"line":126,"column":3}},"77":{"start":{"line":121,"column":4},"end":{"line":null,"column":-1}},"78":{"start":{"line":122,"column":9},"end":{"line":126,"column":3}},"79":{"start":{"line":123,"column":4},"end":{"line":null,"column":-1}},"80":{"start":{"line":125,"column":4},"end":{"line":null,"column":-1}},"81":{"start":{"line":128,"column":2},"end":{"line":null,"column":-1}},"82":{"start":{"line":129,"column":2},"end":{"line":null,"column":-1}},"83":{"start":{"line":133,"column":13},"end":{"line":133,"column":7}},"84":{"start":{"line":133,"column":13},"end":{"line":null,"column":-1}},"85":{"start":{"line":133,"column":22},"end":{"line":null,"column":-1}},"86":{"start":{"line":135,"column":4},"end":{"line":133,"column":22}},"87":{"start":{"line":140,"column":22},"end":{"line":null,"column":-1}},"88":{"start":{"line":141,"column":20},"end":{"line":null,"column":-1}},"89":{"start":{"line":143,"column":4},"end":{"line":133,"column":22}},"90":{"start":{"line":145,"column":6},"end":{"line":133,"column":22}},"91":{"start":{"line":146,"column":6},"end":{"line":133,"column":22}},"92":{"start":{"line":147,"column":6},"end":{"line":133,"column":22}},"93":{"start":{"line":148,"column":6},"end":{"line":133,"column":22}},"94":{"start":{"line":149,"column":6},"end":{"line":133,"column":22}},"95":{"start":{"line":150,"column":6},"end":{"line":133,"column":22}},"96":{"start":{"line":152,"column":6},"end":{"line":133,"column":22}},"97":{"start":{"line":153,"column":4},"end":{"line":133,"column":22}},"98":{"start":{"line":165,"column":2},"end":{"line":null,"column":-1}},"99":{"start":{"line":166,"column":2},"end":{"line":null,"column":-1}},"100":{"start":{"line":171,"column":13},"end":{"line":171,"column":7}},"101":{"start":{"line":171,"column":13},"end":{"line":null,"column":-1}},"102":{"start":{"line":171,"column":24},"end":{"line":null,"column":-1}},"103":{"start":{"line":173,"column":4},"end":{"line":171,"column":24}},"104":{"start":{"line":177,"column":22},"end":{"line":null,"column":-1}},"105":{"start":{"line":178,"column":20},"end":{"line":null,"column":-1}},"106":{"start":{"line":192,"column":2},"end":{"line":null,"column":-1}},"107":{"start":{"line":193,"column":2},"end":{"line":null,"column":-1}},"108":{"start":{"line":195,"column":2},"end":{"line":null,"column":-1}},"109":{"start":{"line":196,"column":2},"end":{"line":null,"column":-1}},"110":{"start":{"line":200,"column":13},"end":{"line":200,"column":7}},"111":{"start":{"line":200,"column":13},"end":{"line":null,"column":-1}},"112":{"start":{"line":200,"column":23},"end":{"line":null,"column":-1}},"113":{"start":{"line":202,"column":4},"end":{"line":200,"column":23}},"114":{"start":{"line":204,"column":20},"end":{"line":null,"column":-1}},"115":{"start":{"line":214,"column":2},"end":{"line":null,"column":-1}},"116":{"start":{"line":215,"column":2},"end":{"line":null,"column":-1}},"117":{"start":{"line":218,"column":13},"end":{"line":218,"column":7}},"118":{"start":{"line":218,"column":13},"end":{"line":null,"column":-1}},"119":{"start":{"line":218,"column":22},"end":{"line":null,"column":-1}},"120":{"start":{"line":220,"column":4},"end":{"line":218,"column":22}},"121":{"start":{"line":222,"column":22},"end":{"line":null,"column":-1}},"122":{"start":{"line":223,"column":20},"end":{"line":null,"column":-1}},"123":{"start":{"line":235,"column":2},"end":{"line":null,"column":-1}},"124":{"start":{"line":237,"column":2},"end":{"line":null,"column":-1}},"125":{"start":{"line":238,"column":2},"end":{"line":null,"column":-1}}},"fnMap":{"0":{"name":"shortener","decl":{"start":{"line":5,"column":13},"end":{"line":5,"column":25}},"loc":{"start":{"line":5,"column":43},"end":{"line":5,"column":7}}},"1":{"name":"toggle","decl":{"start":{"line":17,"column":13},"end":{"line":17,"column":22}},"loc":{"start":{"line":17,"column":28},"end":{"line":17,"column":7}}},"2":{"name":"commonLogin","decl":{"start":{"line":22,"column":13},"end":{"line":22,"column":27}},"loc":{"start":{"line":22,"column":38},"end":{"line":22,"column":7}}},"3":{"name":"(anonymous_4)","decl":{"start":{"line":33,"column":10},"end":{"line":33,"column":14}},"loc":{"start":{"line":33,"column":15},"end":{"line":32,"column":2}}},"4":{"name":"done","decl":{"start":{"line":38,"column":16},"end":{"line":null,"column":-1}},"loc":{"start":{"line":38,"column":16},"end":{"line":null,"column":-1}}},"5":{"name":"(anonymous_6)","decl":{"start":{"line":51,"column":11},"end":{"line":null,"column":-1}},"loc":{"start":{"line":51,"column":11},"end":{"line":32,"column":2}}},"6":{"name":"c_first","decl":{"start":{"line":54,"column":13},"end":{"line":54,"column":23}},"loc":{"start":{"line":54,"column":30},"end":{"line":54,"column":7}}},"7":{"name":"llr","decl":{"start":{"line":58,"column":13},"end":{"line":58,"column":19}},"loc":{"start":{"line":58,"column":25},"end":{"line":58,"column":7}}},"8":{"name":"(anonymous_9)","decl":{"start":{"line":66,"column":13},"end":{"line":null,"column":-1}},"loc":{"start":{"line":66,"column":13},"end":{"line":66,"column":6}}},"9":{"name":"_callee","decl":{"start":{"line":66,"column":26},"end":{"line":66,"column":31}},"loc":{"start":{"line":66,"column":26},"end":{"line":66,"column":13}}},"10":{"name":"_callee$","decl":{"start":{"line":66,"column":26},"end":{"line":null,"column":-1}},"loc":{"start":{"line":66,"column":26},"end":{"line":null,"column":-1}}},"11":{"name":"(anonymous_13)","decl":{"start":{"line":91,"column":13},"end":{"line":null,"column":-1}},"loc":{"start":{"line":91,"column":13},"end":{"line":91,"column":6}}},"12":{"name":"_callee2","decl":{"start":{"line":91,"column":27},"end":{"line":91,"column":32}},"loc":{"start":{"line":91,"column":27},"end":{"line":91,"column":13}}},"13":{"name":"_callee2$","decl":{"start":{"line":91,"column":27},"end":{"line":null,"column":-1}},"loc":{"start":{"line":91,"column":27},"end":{"line":null,"column":-1}}},"14":{"name":"(anonymous_17)","decl":{"start":{"line":96,"column":13},"end":{"line":null,"column":-1}},"loc":{"start":{"line":96,"column":13},"end":{"line":96,"column":6}}},"15":{"name":"_callee3","decl":{"start":{"line":96,"column":25},"end":{"line":96,"column":30}},"loc":{"start":{"line":96,"column":25},"end":{"line":96,"column":13}}},"16":{"name":"_callee3$","decl":{"start":{"line":96,"column":25},"end":{"line":null,"column":-1}},"loc":{"start":{"line":96,"column":25},"end":{"line":null,"column":-1}}},"17":{"name":"(anonymous_21)","decl":{"start":{"line":101,"column":13},"end":{"line":null,"column":-1}},"loc":{"start":{"line":101,"column":13},"end":{"line":101,"column":6}}},"18":{"name":"_callee4","decl":{"start":{"line":101,"column":26},"end":{"line":101,"column":31}},"loc":{"start":{"line":101,"column":26},"end":{"line":101,"column":13}}},"19":{"name":"_callee4$","decl":{"start":{"line":101,"column":26},"end":{"line":null,"column":-1}},"loc":{"start":{"line":101,"column":26},"end":{"line":null,"column":-1}}},"20":{"name":"(anonymous_25)","decl":{"start":{"line":107,"column":13},"end":{"line":null,"column":-1}},"loc":{"start":{"line":107,"column":13},"end":{"line":107,"column":6}}},"21":{"name":"_callee5","decl":{"start":{"line":107,"column":29},"end":{"line":107,"column":34}},"loc":{"start":{"line":107,"column":29},"end":{"line":107,"column":13}}},"22":{"name":"_callee5$","decl":{"start":{"line":107,"column":29},"end":{"line":null,"column":-1}},"loc":{"start":{"line":107,"column":29},"end":{"line":null,"column":-1}}},"23":{"name":"changeTitle","decl":{"start":{"line":113,"column":13},"end":{"line":113,"column":27}},"loc":{"start":{"line":113,"column":47},"end":{"line":113,"column":7}}},"24":{"name":"(anonymous_30)","decl":{"start":{"line":133,"column":13},"end":{"line":null,"column":-1}},"loc":{"start":{"line":133,"column":13},"end":{"line":133,"column":6}}},"25":{"name":"_callee6","decl":{"start":{"line":133,"column":22},"end":{"line":133,"column":27}},"loc":{"start":{"line":133,"column":22},"end":{"line":133,"column":13}}},"26":{"name":"_callee6$","decl":{"start":{"line":133,"column":22},"end":{"line":null,"column":-1}},"loc":{"start":{"line":133,"column":22},"end":{"line":null,"column":-1}}},"27":{"name":"commit","decl":{"start":{"line":140,"column":14},"end":{"line":140,"column":19}},"loc":{"start":{"line":140,"column":20},"end":{"line":135,"column":15}}},"28":{"name":"done","decl":{"start":{"line":141,"column":12},"end":{"line":141,"column":17}},"loc":{"start":{"line":141,"column":18},"end":{"line":135,"column":15}}},"29":{"name":"(anonymous_36)","decl":{"start":{"line":171,"column":13},"end":{"line":null,"column":-1}},"loc":{"start":{"line":171,"column":13},"end":{"line":171,"column":6}}},"30":{"name":"_callee7","decl":{"start":{"line":171,"column":24},"end":{"line":171,"column":29}},"loc":{"start":{"line":171,"column":24},"end":{"line":171,"column":13}}},"31":{"name":"_callee7$","decl":{"start":{"line":171,"column":24},"end":{"line":null,"column":-1}},"loc":{"start":{"line":171,"column":24},"end":{"line":null,"column":-1}}},"32":{"name":"commit","decl":{"start":{"line":177,"column":14},"end":{"line":177,"column":19}},"loc":{"start":{"line":177,"column":20},"end":{"line":173,"column":15}}},"33":{"name":"done","decl":{"start":{"line":178,"column":12},"end":{"line":178,"column":17}},"loc":{"start":{"line":178,"column":18},"end":{"line":173,"column":15}}},"34":{"name":"(anonymous_42)","decl":{"start":{"line":200,"column":13},"end":{"line":null,"column":-1}},"loc":{"start":{"line":200,"column":13},"end":{"line":200,"column":6}}},"35":{"name":"_callee8","decl":{"start":{"line":200,"column":23},"end":{"line":200,"column":28}},"loc":{"start":{"line":200,"column":23},"end":{"line":200,"column":13}}},"36":{"name":"_callee8$","decl":{"start":{"line":200,"column":23},"end":{"line":null,"column":-1}},"loc":{"start":{"line":200,"column":23},"end":{"line":null,"column":-1}}},"37":{"name":"done","decl":{"start":{"line":204,"column":12},"end":{"line":204,"column":17}},"loc":{"start":{"line":204,"column":18},"end":{"line":202,"column":15}}},"38":{"name":"(anonymous_47)","decl":{"start":{"line":218,"column":13},"end":{"line":null,"column":-1}},"loc":{"start":{"line":218,"column":13},"end":{"line":218,"column":6}}},"39":{"name":"_callee9","decl":{"start":{"line":218,"column":22},"end":{"line":218,"column":27}},"loc":{"start":{"line":218,"column":22},"end":{"line":218,"column":13}}},"40":{"name":"_callee9$","decl":{"start":{"line":218,"column":22},"end":{"line":null,"column":-1}},"loc":{"start":{"line":218,"column":22},"end":{"line":null,"column":-1}}},"41":{"name":"commit","decl":{"start":{"line":222,"column":14},"end":{"line":222,"column":19}},"loc":{"start":{"line":222,"column":20},"end":{"line":220,"column":15}}},"42":{"name":"done","decl":{"start":{"line":223,"column":12},"end":{"line":223,"column":17}},"loc":{"start":{"line":223,"column":18},"end":{"line":220,"column":15}}}},"branchMap":{"0":{"loc":{"start":{"line":9,"column":2},"end":{"line":9,"column":24}},"type":"if","locations":[{"start":{"line":9,"column":2},"end":{"line":9,"column":24}},{"start":{"line":9,"column":2},"end":{"line":9,"column":24}}]},"1":{"loc":{"start":{"line":11,"column":9},"end":{"line":10,"column":9}},"type":"cond-expr","locations":[{"start":{"line":11,"column":9},"end":{"line":10,"column":9}},{"start":{"line":12,"column":7},"end":{"line":10,"column":2}}]},"2":{"loc":{"start":{"line":13,"column":8},"end":{"line":12,"column":6}},"type":"cond-expr","locations":[{"start":{"line":13,"column":8},"end":{"line":12,"column":6}},{"start":{"line":14,"column":8},"end":{"line":10,"column":2}}]},"3":{"loc":{"start":{"line":19,"column":21},"end":{"line":19,"column":2}},"type":"cond-expr","locations":[{"start":{"line":19,"column":21},"end":{"line":19,"column":2}},{"start":{"line":19,"column":50},"end":{"line":19,"column":2}}]},"4":{"loc":{"start":{"line":35,"column":6},"end":{"line":48,"column":7}},"type":"if","locations":[{"start":{"line":35,"column":6},"end":{"line":48,"column":7}},{"start":{"line":35,"column":6},"end":{"line":48,"column":7}}]},"5":{"loc":{"start":{"line":66,"column":26},"end":{"line":null,"column":-1}},"type":"switch","locations":[{"start":{"line":66,"column":26},"end":{"line":null,"column":-1}},{"start":{"line":66,"column":26},"end":{"line":88,"column":3}},{"start":{"line":66,"column":26},"end":{"line":null,"column":-1}},{"start":{"line":66,"column":26},"end":{"line":null,"column":-1}}]},"6":{"loc":{"start":{"line":76,"column":2},"end":{"line":88,"column":3}},"type":"if","locations":[{"start":{"line":76,"column":2},"end":{"line":88,"column":3}},{"start":{"line":76,"column":2},"end":{"line":88,"column":3}}]},"7":{"loc":{"start":{"line":79,"column":4},"end":{"line":81,"column":5}},"type":"if","locations":[{"start":{"line":79,"column":4},"end":{"line":81,"column":5}},{"start":{"line":79,"column":4},"end":{"line":81,"column":5}}]},"8":{"loc":{"start":{"line":91,"column":27},"end":{"line":null,"column":-1}},"type":"switch","locations":[{"start":{"line":91,"column":27},"end":{"line":null,"column":-1}},{"start":{"line":91,"column":27},"end":{"line":null,"column":-1}},{"start":{"line":91,"column":27},"end":{"line":null,"column":-1}},{"start":{"line":91,"column":27},"end":{"line":null,"column":-1}}]},"9":{"loc":{"start":{"line":96,"column":25},"end":{"line":null,"column":-1}},"type":"switch","locations":[{"start":{"line":96,"column":25},"end":{"line":null,"column":-1}},{"start":{"line":96,"column":25},"end":{"line":null,"column":-1}},{"start":{"line":96,"column":25},"end":{"line":null,"column":-1}},{"start":{"line":96,"column":25},"end":{"line":null,"column":-1}}]},"10":{"loc":{"start":{"line":101,"column":26},"end":{"line":null,"column":-1}},"type":"switch","locations":[{"start":{"line":101,"column":26},"end":{"line":null,"column":-1}},{"start":{"line":101,"column":26},"end":{"line":null,"column":-1}},{"start":{"line":101,"column":26},"end":{"line":null,"column":-1}},{"start":{"line":101,"column":26},"end":{"line":null,"column":-1}}]},"11":{"loc":{"start":{"line":107,"column":29},"end":{"line":null,"column":-1}},"type":"switch","locations":[{"start":{"line":107,"column":29},"end":{"line":null,"column":-1}},{"start":{"line":107,"column":29},"end":{"line":null,"column":-1}},{"start":{"line":107,"column":29},"end":{"line":null,"column":-1}},{"start":{"line":107,"column":29},"end":{"line":null,"column":-1}}]},"12":{"loc":{"start":{"line":118,"column":2},"end":{"line":126,"column":3}},"type":"if","locations":[{"start":{"line":118,"column":2},"end":{"line":126,"column":3}},{"start":{"line":118,"column":2},"end":{"line":126,"column":3}}]},"13":{"loc":{"start":{"line":120,"column":9},"end":{"line":126,"column":3}},"type":"if","locations":[{"start":{"line":120,"column":9},"end":{"line":126,"column":3}},{"start":{"line":120,"column":9},"end":{"line":126,"column":3}}]},"14":{"loc":{"start":{"line":122,"column":9},"end":{"line":126,"column":3}},"type":"if","locations":[{"start":{"line":122,"column":9},"end":{"line":126,"column":3}},{"start":{"line":122,"column":9},"end":{"line":126,"column":3}}]},"15":{"loc":{"start":{"line":133,"column":22},"end":{"line":null,"column":-1}},"type":"switch","locations":[{"start":{"line":133,"column":22},"end":{"line":null,"column":-1}},{"start":{"line":133,"column":22},"end":{"line":166,"column":2}},{"start":{"line":133,"column":22},"end":{"line":null,"column":-1}},{"start":{"line":133,"column":22},"end":{"line":null,"column":-1}}]},"16":{"loc":{"start":{"line":171,"column":24},"end":{"line":null,"column":-1}},"type":"switch","locations":[{"start":{"line":171,"column":24},"end":{"line":null,"column":-1}},{"start":{"line":171,"column":24},"end":{"line":196,"column":2}},{"start":{"line":171,"column":24},"end":{"line":null,"column":-1}},{"start":{"line":171,"column":24},"end":{"line":null,"column":-1}}]},"17":{"loc":{"start":{"line":192,"column":21},"end":{"line":192,"column":2}},"type":"cond-expr","locations":[{"start":{"line":192,"column":21},"end":{"line":192,"column":2}},{"start":{"line":192,"column":53},"end":{"line":192,"column":2}}]},"18":{"loc":{"start":{"line":193,"column":22},"end":{"line":193,"column":2}},"type":"cond-expr","locations":[{"start":{"line":193,"column":22},"end":{"line":193,"column":2}},{"start":{"line":193,"column":52},"end":{"line":193,"column":2}}]},"19":{"loc":{"start":{"line":200,"column":23},"end":{"line":null,"column":-1}},"type":"switch","locations":[{"start":{"line":200,"column":23},"end":{"line":null,"column":-1}},{"start":{"line":200,"column":23},"end":{"line":215,"column":2}},{"start":{"line":200,"column":23},"end":{"line":null,"column":-1}},{"start":{"line":200,"column":23},"end":{"line":null,"column":-1}}]},"20":{"loc":{"start":{"line":218,"column":22},"end":{"line":null,"column":-1}},"type":"switch","locations":[{"start":{"line":218,"column":22},"end":{"line":null,"column":-1}},{"start":{"line":218,"column":22},"end":{"line":238,"column":2}},{"start":{"line":218,"column":22},"end":{"line":null,"column":-1}},{"start":{"line":218,"column":22},"end":{"line":null,"column":-1}}]}},"s":{"0":0,"1":0,"2":0,"3":0,"4":0,"5":0,"6":0,"7":0,"8":0,"9":0,"10":0,"11":0,"12":0,"13":0,"14":0,"15":0,"16":0,"17":0,"18":0,"19":0,"20":0,"21":0,"22":0,"23":0,"24":0,"25":0,"26":0,"27":0,"28":0,"29":0,"30":0,"31":0,"32":0,"33":0,"34":0,"35":0,"36":0,"37":0,"38":0,"39":0,"40":0,"41":0,"42":0,"43":0,"44":0,"45":0,"46":0,"47":0,"48":0,"49":0,"50":0,"51":0,"52":0,"53":0,"54":0,"55":0,"56":0,"57":0,"58":0,"59":0,"60":0,"61":0,"62":0,"63":0,"64":0,"65":0,"66":0,"67":0,"68":0,"69":0,"70":0,"71":0,"72":0,"73":0,"74":0,"75":0,"76":0,"77":0,"78":0,"79":0,"80":0,"81":0,"82":0,"83":0,"84":0,"85":0,"86":0,"87":0,"88":0,"89":0,"90":0,"91":0,"92":0,"93":0,"94":0,"95":0,"96":0,"97":0,"98":0,"99":0,"100":0,"101":0,"102":0,"103":0,"104":0,"105":0,"106":0,"107":0,"108":0,"109":0,"110":0,"111":0,"112":0,"113":0,"114":0,"115":0,"116":0,"117":0,"118":0,"119":0,"120":0,"121":0,"122":0,"123":0,"124":0,"125":0},"f":{"0":0,"1":0,"2":0,"3":0,"4":0,"5":0,"6":0,"7":0,"8":0,"9":0,"10":0,"11":0,"12":0,"13":0,"14":0,"15":0,"16":0,"17":0,"18":0,"19":0,"20":0,"21":0,"22":0,"23":0,"24":0,"25":0,"26":0,"27":0,"28":0,"29":0,"30":0,"31":0,"32":0,"33":0,"34":0,"35":0,"36":0,"37":0,"38":0,"39":0,"40":0,"41":0,"42":0},"b":{"0":[0,0],"1":[0,0],"2":[0,0],"3":[0,0],"4":[0,0],"5":[0,0,0,0],"6":[0,0],"7":[0,0],"8":[0,0,0,0],"9":[0,0,0,0],"10":[0,0,0,0],"11":[0,0,0,0],"12":[0,0],"13":[0,0],"14":[0,0],"15":[0,0,0,0],"16":[0,0,0,0],"17":[0,0],"18":[0,0],"19":[0,0,0,0],"20":[0,0,0,0]}}
}
