TN:
SF:/Users/RachelSophia/CSE112/Vue-Mini-Social-Network/public/js/src/main.js
FN:46,(anonymous_2)
FN:57,render
FNF:2
FNH:0
FNDA:0,(anonymous_2)
FNDA:0,render
DA:2,0
DA:5,0
DA:6,0
DA:7,0
DA:10,0
DA:11,0
DA:12,0
DA:13,0
DA:16,0
DA:17,0
DA:18,0
DA:19,0
DA:20,0
DA:21,0
DA:24,0
DA:25,0
DA:28,0
DA:29,0
DA:32,0
DA:33,0
DA:34,0
DA:35,0
DA:36,0
DA:37,0
DA:40,0
DA:46,0
DA:51,0
DA:54,0
DA:55,0
DA:57,0
LF:30
LH:0
BRDA:54,0,0,0
BRDA:54,0,1,0
BRF:2
BRH:0
end_of_record
TN:
SF:/Users/RachelSophia/CSE112/Vue-Mini-Social-Network/public/js/src/sum.js
FN:1,sum
FNF:1
FNH:1
FNDA:1,sum
DA:2,1
DA:4,1
LF:2
LH:2
BRF:0
BRH:0
end_of_record
TN:
SF:/Users/RachelSophia/CSE112/Vue-Mini-Social-Network/public/js/src/components/App.vue
FNF:0
FNH:0
DA:2,0
LF:1
LH:0
BRF:0
BRH:0
end_of_record
TN:
SF:/Users/RachelSophia/CSE112/Vue-Mini-Social-Network/public/js/src/components/deactivate/deavtivate.vue
FN:5,data
FN:11,_toggle
FN:15,(anonymous_3)
FN:15,_callee
FN:28,done
FNF:5
FNH:0
FNDA:0,data
FNDA:0,_toggle
FNDA:0,(anonymous_3)
FNDA:0,_callee
FNDA:0,done
DA:2,0
DA:3,0
DA:7,0
DA:13,0
DA:15,0
DA:17,0
DA:20,0
DA:21,0
DA:23,0
DA:25,0
DA:26,0
DA:28,0
LF:12
LH:0
BRDA:15,0,0,0
BRDA:15,0,1,0
BRDA:15,0,2,0
BRDA:15,0,3,0
BRF:4
BRH:0
end_of_record
TN:
SF:/Users/RachelSophia/CSE112/Vue-Mini-Social-Network/public/js/src/components/edit_profile/edit_profile.vue
FN:9,(anonymous_1)
FN:9,_callee
FN:39,done
FN:47,(anonymous_6)
FN:47,_callee2
FN:47,_callee2$
FN:66,success
FN:69,done
FN:6,created
FN:6,mounted
FNF:10
FNH:0
FNDA:0,(anonymous_1)
FNDA:0,_callee
FNDA:0,done
FNDA:0,(anonymous_6)
FNDA:0,_callee2
FNDA:0,_callee2$
FNDA:0,success
FNDA:0,done
FNDA:0,created
FNDA:0,mounted
DA:2,0
DA:3,0
DA:4,0
DA:9,0
DA:11,0
DA:12,0
DA:13,0
DA:14,0
DA:16,0
DA:17,0
DA:19,0
DA:20,0
DA:22,0
DA:28,0
DA:30,0
DA:32,0
DA:34,0
DA:36,0
DA:37,0
DA:39,0
DA:42,0
DA:47,0
DA:49,0
DA:52,0
DA:53,0
DA:57,0
DA:59,0
DA:67,0
DA:69,0
DA:80,0
DA:81,0
DA:84,0
LF:32
LH:0
BRDA:9,0,0,0
BRDA:9,0,1,0
BRDA:9,0,2,0
BRDA:9,0,3,0
BRDA:9,0,4,0
BRDA:9,0,5,0
BRDA:9,0,6,0
BRDA:9,0,7,0
BRDA:9,0,8,0
BRDA:9,0,9,0
BRDA:9,0,10,0
BRDA:9,1,0,0
BRDA:9,1,1,0
BRDA:31,2,0,0
BRDA:31,2,1,0
BRDA:33,3,0,0
BRDA:33,3,1,0
BRDA:47,4,0,0
BRDA:47,4,1,0
BRDA:47,4,2,0
BRF:20
BRH:0
end_of_record
TN:
SF:/Users/RachelSophia/CSE112/Vue-Mini-Social-Network/public/js/src/components/error/error.vue
FN:4,data
FNF:1
FNH:0
FNDA:0,data
DA:2,0
DA:7,0
LF:2
LH:0
BRF:0
BRH:0
end_of_record
TN:
SF:/Users/RachelSophia/CSE112/Vue-Mini-Social-Network/public/js/src/components/explore/explore-list.vue
FN:4,data
FN:18,follow
FN:24,done
FN:18,unfollow
FN:31,done
FN:35,(anonymous_7)
FN:35,_callee
FNF:7
FNH:0
FNDA:0,data
FNDA:0,follow
FNDA:0,done
FNDA:0,unfollow
FNDA:0,done
FNDA:0,(anonymous_7)
FNDA:0,_callee
DA:2,0
DA:12,0
DA:19,0
DA:20,0
DA:21,0
DA:24,0
DA:27,0
DA:28,0
DA:29,0
DA:31,0
DA:35,0
DA:37,0
DA:38,0
DA:39,0
DA:40,0
LF:15
LH:0
BRDA:35,0,0,0
BRDA:35,0,1,0
BRDA:35,0,2,0
BRDA:35,0,3,0
BRDA:35,0,4,0
BRF:5
BRH:0
end_of_record
TN:
SF:/Users/RachelSophia/CSE112/Vue-Mini-Social-Network/public/js/src/components/explore/explore.vue
FN:10,explores
FN:5,created
FNF:2
FNH:0
FNDA:0,explores
FNDA:0,created
DA:2,0
DA:3,0
DA:12,0
DA:16,0
LF:4
LH:0
BRF:0
BRH:0
end_of_record
TN:
SF:/Users/RachelSophia/CSE112/Vue-Mini-Social-Network/public/js/src/components/follow/confirmFollower-list.vue
FN:5,data
FN:23,accept
FN:33,done
FN:23,decline
FN:42,done
FNF:5
FNH:0
FNDA:0,data
FNDA:0,accept
FNDA:0,done
FNDA:0,decline
FNDA:0,done
DA:2,0
DA:3,0
DA:14,0
DA:24,0
DA:28,0
DA:29,0
DA:33,0
DA:36,0
DA:39,0
DA:40,0
DA:42,0
LF:11
LH:0
BRF:0
BRH:0
end_of_record
TN:
SF:/Users/RachelSophia/CSE112/Vue-Mini-Social-Network/public/js/src/components/follow/confirmFollowers.vue
FN:11,pendings
FN:17,Back
FN:6,updated
FNF:3
FNH:0
FNDA:0,pendings
FNDA:0,Back
FNDA:0,updated
DA:2,0
DA:3,0
DA:4,0
DA:13,0
DA:14,0
DA:19,0
DA:23,0
LF:7
LH:0
BRF:0
BRH:0
end_of_record
TN:
SF:/Users/RachelSophia/CSE112/Vue-Mini-Social-Network/public/js/src/components/follow/deleteFollower-list.vue
FN:5,data
FN:23,delete_follower
FN:30,done
FNF:3
FNH:0
FNDA:0,data
FNDA:0,delete_follower
FNDA:0,done
DA:2,0
DA:3,0
DA:14,0
DA:24,0
DA:27,0
DA:28,0
DA:30,0
LF:7
LH:0
BRF:0
BRH:0
end_of_record
TN:
SF:/Users/RachelSophia/CSE112/Vue-Mini-Social-Network/public/js/src/components/follow/deleteFollowers.vue
FN:11,followers
FN:17,Back
FN:6,updated
FNF:3
FNH:0
FNDA:0,followers
FNDA:0,Back
FNDA:0,updated
DA:2,0
DA:3,0
DA:4,0
DA:13,0
DA:14,0
DA:19,0
DA:23,0
LF:7
LH:0
BRF:0
BRH:0
end_of_record
TN:
SF:/Users/RachelSophia/CSE112/Vue-Mini-Social-Network/public/js/src/components/follow/follower-list.vue
FN:5,data
FN:24,me
FN:29,follow
FN:41,done
FN:29,unfollow
FN:54,done
FN:61,(anonymous_7)
FN:61,_callee
FNF:8
FNH:0
FNDA:0,data
FNDA:0,me
FNDA:0,follow
FNDA:0,done
FNDA:0,unfollow
FNDA:0,done
FNDA:0,(anonymous_7)
FNDA:0,_callee
DA:2,0
DA:3,0
DA:14,0
DA:26,0
DA:30,0
DA:35,0
DA:36,0
DA:41,0
DA:44,0
DA:49,0
DA:50,0
DA:55,0
DA:56,0
DA:61,0
DA:62,0
DA:64,0
DA:65,0
LF:17
LH:0
BRDA:61,0,0,0
BRDA:61,0,1,0
BRDA:61,0,2,0
BRDA:61,0,3,0
BRDA:61,0,4,0
BRDA:61,1,0,0
BRDA:61,1,1,0
BRF:7
BRH:0
end_of_record
TN:
SF:/Users/RachelSophia/CSE112/Vue-Mini-Social-Network/public/js/src/components/follow/followers.vue
FN:11,followers
FN:16,Back
FN:6,updated
FNF:3
FNH:0
FNDA:0,followers
FNDA:0,Back
FNDA:0,updated
DA:2,0
DA:3,0
DA:4,0
DA:13,0
DA:18,0
DA:22,0
LF:6
LH:0
BRF:0
BRH:0
end_of_record
TN:
SF:/Users/RachelSophia/CSE112/Vue-Mini-Social-Network/public/js/src/components/follow/following-list.vue
FN:5,data
FN:25,me
FN:30,follow
FN:42,done
FN:30,unfollow
FN:55,done
FN:66,(anonymous_7)
FN:66,_callee
FNF:8
FNH:0
FNDA:0,data
FNDA:0,me
FNDA:0,follow
FNDA:0,done
FNDA:0,unfollow
FNDA:0,done
FNDA:0,(anonymous_7)
FNDA:0,_callee
DA:2,0
DA:3,0
DA:14,0
DA:27,0
DA:31,0
DA:36,0
DA:37,0
DA:42,0
DA:45,0
DA:50,0
DA:51,0
DA:56,0
DA:57,0
DA:59,0
DA:60,0
DA:66,0
DA:67,0
DA:69,0
DA:70,0
LF:19
LH:0
BRDA:56,0,0,0
BRDA:56,0,1,0
BRDA:66,1,0,0
BRDA:66,1,1,0
BRDA:66,1,2,0
BRDA:66,1,3,0
BRDA:66,1,4,0
BRDA:66,2,0,0
BRDA:66,2,1,0
BRF:9
BRH:0
end_of_record
TN:
SF:/Users/RachelSophia/CSE112/Vue-Mini-Social-Network/public/js/src/components/follow/followings.vue
FN:11,followings
FN:16,Back
FN:6,updated
FNF:3
FNH:0
FNDA:0,followings
FNDA:0,Back
FNDA:0,updated
DA:2,0
DA:3,0
DA:4,0
DA:13,0
DA:18,0
DA:22,0
LF:6
LH:0
BRF:0
BRH:0
end_of_record
TN:
SF:/Users/RachelSophia/CSE112/Vue-Mini-Social-Network/public/js/src/components/home/feeds.vue
FN:8,feeds
FNF:1
FNH:0
FNDA:0,feeds
DA:2,0
DA:10,0
LF:2
LH:0
BRF:0
BRH:0
end_of_record
TN:
SF:/Users/RachelSophia/CSE112/Vue-Mini-Social-Network/public/js/src/components/home/home.vue
FN:14,feeds_len
FN:6,created
FNF:2
FNH:0
FNDA:0,feeds_len
FNDA:0,created
DA:2,0
DA:3,0
DA:4,0
DA:16,0
DA:17,0
DA:21,0
LF:6
LH:0
BRDA:17,0,0,0
BRDA:17,0,1,0
BRF:2
BRH:0
end_of_record
TN:
SF:/Users/RachelSophia/CSE112/Vue-Mini-Social-Network/public/js/src/components/others/end.vue
FN:11,ToTop
FNF:1
FNH:0
FNDA:0,ToTop
DA:2,0
DA:13,0
LF:2
LH:0
BRF:0
BRH:0
end_of_record
TN:
SF:/Users/RachelSophia/CSE112/Vue-Mini-Social-Network/public/js/src/components/others/goto.vue
FN:7,toggle
FNF:1
FNH:0
FNDA:0,toggle
DA:2,0
DA:3,0
DA:9,0
LF:3
LH:0
BRF:0
BRH:0
end_of_record
TN:
SF:/Users/RachelSophia/CSE112/Vue-Mini-Social-Network/public/js/src/components/others/header.vue
FNF:0
FNH:0
DA:2,0
LF:1
LH:0
BRF:0
BRH:0
end_of_record
TN:
SF:/Users/RachelSophia/CSE112/Vue-Mini-Social-Network/public/js/src/components/others/nothing.vue
FN:2,data
FNF:1
FNH:0
FNDA:0,data
DA:14,0
LF:1
LH:0
BRDA:16,0,0,0
BRDA:16,0,1,0
BRF:2
BRH:0
end_of_record
TN:
SF:/Users/RachelSophia/CSE112/Vue-Mini-Social-Network/public/js/src/components/others/overlay.vue
FN:2,data
FNF:1
FNH:0
FNDA:0,data
DA:10,0
LF:1
LH:0
BRF:0
BRH:0
end_of_record
TN:
SF:/Users/RachelSophia/CSE112/Vue-Mini-Social-Network/public/js/src/components/others/prompt.vue
FN:4,data
FN:30,back
FN:30,action
FN:4,mounted
FNF:4
FNH:0
FNDA:0,data
FNDA:0,back
FNDA:0,action
FNDA:0,mounted
DA:2,0
DA:24,0
DA:32,0
DA:35,0
DA:39,0
DA:40,0
LF:6
LH:0
BRDA:26,0,0,0
BRDA:26,0,1,0
BRF:2
BRH:0
end_of_record
TN:
SF:/Users/RachelSophia/CSE112/Vue-Mini-Social-Network/public/js/src/components/post/create_post.vue
FN:8,Back
FN:12,(anonymous_2)
FN:12,_callee
FN:25,done
FN:6,created
FN:6,mounted
FNF:6
FNH:0
FNDA:0,Back
FNDA:0,(anonymous_2)
FNDA:0,_callee
FNDA:0,done
FNDA:0,created
FNDA:0,mounted
DA:2,0
DA:3,0
DA:4,0
DA:10,0
DA:12,0
DA:15,0
DA:16,0
DA:17,0
DA:19,0
DA:23,0
DA:25,0
DA:27,0
DA:35,0
DA:36,0
DA:39,0
LF:15
LH:0
BRDA:12,0,0,0
BRDA:12,0,1,0
BRDA:12,0,2,0
BRDA:12,0,3,0
BRDA:36,1,0,0
BRDA:36,1,1,0
BRF:6
BRH:0
end_of_record
TN:
SF:/Users/RachelSophia/CSE112/Vue-Mini-Social-Network/public/js/src/components/post/like-list.vue
FN:5,data
FN:23,me
FN:28,follow
FN:40,done
FN:28,unfollow
FN:53,done
FN:57,(anonymous_7)
FN:57,_callee
FNF:8
FNH:0
FNDA:0,data
FNDA:0,me
FNDA:0,follow
FNDA:0,done
FNDA:0,unfollow
FNDA:0,done
FNDA:0,(anonymous_7)
FNDA:0,_callee
DA:2,0
DA:3,0
DA:14,0
DA:25,0
DA:29,0
DA:34,0
DA:35,0
DA:40,0
DA:43,0
DA:48,0
DA:49,0
DA:53,0
DA:57,0
DA:58,0
DA:60,0
LF:15
LH:0
BRDA:57,0,0,0
BRDA:57,0,1,0
BRDA:57,0,2,0
BRDA:57,0,3,0
BRDA:57,1,0,0
BRDA:57,1,1,0
BRF:6
BRH:0
end_of_record
TN:
SF:/Users/RachelSophia/CSE112/Vue-Mini-Social-Network/public/js/src/components/post/likes.vue
FN:11,likes
FN:16,Back
FN:6,updated
FNF:3
FNH:0
FNDA:0,likes
FNDA:0,Back
FNDA:0,updated
DA:2,0
DA:3,0
DA:4,0
DA:13,0
DA:18,0
DA:22,0
LF:6
LH:0
BRF:0
BRH:0
end_of_record
TN:
SF:/Users/RachelSophia/CSE112/Vue-Mini-Social-Network/public/js/src/components/post/post.vue
FN:2,data
FNF:1
FNH:0
FNDA:0,data
DA:4,0
LF:1
LH:0
BRF:0
BRH:0
end_of_record
TN:
SF:/Users/RachelSophia/CSE112/Vue-Mini-Social-Network/public/js/src/components/post/view-post.vue
FN:7,data
FN:20,imgSrc
FN:20,likes_len
FN:28,Back
FN:28,_toggle
FN:36,(anonymous_6)
FN:36,_callee
FN:47,done
FN:51,(anonymous_11)
FN:51,_callee2
FN:64,(anonymous_15)
FN:64,_callee3
FN:72,(anonymous_19)
FN:72,_callee4
FN:81,(anonymous_23)
FN:81,_callee5
FNF:16
FNH:0
FNDA:0,data
FNDA:0,imgSrc
FNDA:0,likes_len
FNDA:0,Back
FNDA:0,_toggle
FNDA:0,(anonymous_6)
FNDA:0,_callee
FNDA:0,done
FNDA:0,(anonymous_11)
FNDA:0,_callee2
FNDA:0,(anonymous_15)
FNDA:0,_callee3
FNDA:0,(anonymous_19)
FNDA:0,_callee4
FNDA:0,(anonymous_23)
FNDA:0,_callee5
DA:2,0
DA:3,0
DA:4,0
DA:5,0
DA:13,0
DA:22,0
DA:25,0
DA:30,0
DA:33,0
DA:34,0
DA:36,0
DA:39,0
DA:40,0
DA:41,0
DA:43,0
DA:45,0
DA:47,0
DA:49,0
DA:51,0
DA:53,0
DA:54,0
DA:59,0
DA:61,0
DA:62,0
DA:64,0
DA:66,0
DA:67,0
DA:68,0
DA:69,0
DA:70,0
DA:72,0
DA:74,0
DA:75,0
DA:76,0
DA:77,0
DA:78,0
DA:81,0
DA:84,0
DA:85,0
DA:86,0
DA:87,0
DA:89,0
DA:90,0
DA:91,0
DA:93,0
DA:94,0
DA:95,0
DA:96,0
LF:48
LH:0
BRDA:34,0,0,0
BRDA:34,0,1,0
BRDA:36,1,0,0
BRDA:36,1,1,0
BRDA:36,1,2,0
BRDA:36,1,3,0
BRDA:51,2,0,0
BRDA:51,2,1,0
BRDA:51,2,2,0
BRDA:51,2,3,0
BRDA:64,3,0,0
BRDA:64,3,1,0
BRDA:64,3,2,0
BRDA:64,3,3,0
BRDA:72,4,0,0
BRDA:72,4,1,0
BRDA:72,4,2,0
BRDA:72,4,3,0
BRDA:81,5,0,0
BRDA:81,5,1,0
BRDA:81,5,2,0
BRDA:81,5,3,0
BRDA:81,5,4,0
BRDA:81,5,5,0
BRDA:93,6,0,0
BRDA:93,6,1,0
BRF:26
BRH:0
end_of_record
TN:
SF:/Users/RachelSophia/CSE112/Vue-Mini-Social-Network/public/js/src/components/profile/banner.vue
FN:6,data
FN:17,posts_len
FN:23,(anonymous_4)
FN:23,_callee
FN:33,done
FN:38,(anonymous_9)
FN:38,_callee2
FN:47,done
FN:54,(anonymous_14)
FN:54,_callee3
FN:58,(anonymous_18)
FN:58,_callee4
FNF:12
FNH:0
FNDA:0,data
FNDA:0,posts_len
FNDA:0,(anonymous_4)
FNDA:0,_callee
FNDA:0,done
FNDA:0,(anonymous_9)
FNDA:0,_callee2
FNDA:0,done
FNDA:0,(anonymous_14)
FNDA:0,_callee3
FNDA:0,(anonymous_18)
FNDA:0,_callee4
DA:2,0
DA:3,0
DA:4,0
DA:12,0
DA:19,0
DA:23,0
DA:28,0
DA:34,0
DA:38,0
DA:40,0
DA:43,0
DA:48,0
DA:49,0
DA:54,0
DA:55,0
DA:56,0
DA:58,0
DA:59,0
DA:60,0
LF:19
LH:0
BRDA:23,0,0,0
BRDA:23,0,1,0
BRDA:23,0,2,0
BRDA:38,1,0,0
BRDA:38,1,1,0
BRDA:38,1,2,0
BRDA:54,2,0,0
BRDA:54,2,1,0
BRDA:54,2,2,0
BRDA:54,2,3,0
BRDA:54,2,4,0
BRDA:58,3,0,0
BRDA:58,3,1,0
BRDA:58,3,2,0
BRDA:58,3,3,0
BRDA:58,3,4,0
BRF:16
BRH:0
end_of_record
TN:
SF:/Users/RachelSophia/CSE112/Vue-Mini-Social-Network/public/js/src/components/profile/posts.vue
FN:10,posts
FN:10,noMssg
FNF:2
FNH:0
FNDA:0,posts
FNDA:0,noMssg
DA:2,0
DA:3,0
DA:12,0
DA:15,0
LF:4
LH:0
BRF:0
BRH:0
end_of_record
TN:
SF:/Users/RachelSophia/CSE112/Vue-Mini-Social-Network/public/js/src/components/profile/profile.vue
FN:7,data
FN:14,$route
FN:7,created
FN:7,updated
FNF:4
FNH:0
FNDA:0,data
FNDA:0,$route
FNDA:0,created
FNDA:0,updated
DA:2,0
DA:3,0
DA:4,0
DA:5,0
DA:10,0
DA:16,0
DA:20,0
DA:23,0
LF:8
LH:0
BRF:0
BRH:0
end_of_record
TN:
SF:/Users/RachelSophia/CSE112/Vue-Mini-Social-Network/public/js/src/f&d/directives.js
FN:7,inserted
FN:8,update
FNF:2
FNH:0
FNDA:0,inserted
FNDA:0,update
DA:3,0
DA:7,0
DA:8,0
LF:3
LH:0
BRF:0
BRH:0
end_of_record
TN:
SF:/Users/RachelSophia/CSE112/Vue-Mini-Social-Network/public/js/src/f&d/filters.js
FN:7,(anonymous_1)
FN:12,(anonymous_2)
FN:17,(anonymous_3)
FNF:3
FNH:0
FNDA:0,(anonymous_1)
FNDA:0,(anonymous_2)
FNDA:0,(anonymous_3)
DA:3,0
DA:4,0
DA:7,0
DA:12,0
DA:17,0
DA:19,0
DA:20,0
DA:21,0
LF:8
LH:0
BRDA:21,0,0,0
BRDA:21,0,1,0
BRDA:21,1,0,0
BRDA:21,1,1,0
BRF:4
BRH:0
end_of_record
TN:
SF:/Users/RachelSophia/CSE112/Vue-Mini-Social-Network/public/js/src/mixins/module-mixin.js
FN:4,p
FN:4,f
FN:4,u
FN:4,e
FN:4,pi
FNF:5
FNH:0
FNDA:0,p
FNDA:0,f
FNDA:0,u
FNDA:0,e
FNDA:0,pi
DA:8,0
DA:13,0
DA:18,0
DA:23,0
DA:28,0
LF:5
LH:0
BRF:0
BRH:0
end_of_record
TN:
SF:/Users/RachelSophia/CSE112/Vue-Mini-Social-Network/public/js/src/mixins/user-mixin.js
FN:4,user
FN:4,session
FN:4,imgSrc
FN:4,me
FNF:4
FNH:0
FNDA:0,user
FNDA:0,session
FNDA:0,imgSrc
FNDA:0,me
DA:7,0
DA:11,0
DA:16,0
DA:21,0
LF:4
LH:0
BRF:0
BRH:0
end_of_record
TN:
SF:/Users/RachelSophia/CSE112/Vue-Mini-Social-Network/public/js/src/router/profile-router.js
FNF:0
FNH:0
DA:3,0
DA:4,0
DA:5,0
DA:6,0
DA:7,0
DA:8,0
DA:9,0
LF:7
LH:0
BRF:0
BRH:0
end_of_record
TN:
SF:/Users/RachelSophia/CSE112/Vue-Mini-Social-Network/public/js/src/router/rest-router.js
FNF:0
FNH:0
DA:3,0
DA:4,0
DA:5,0
DA:6,0
DA:7,0
DA:8,0
DA:9,0
DA:10,0
DA:11,0
DA:13,0
DA:29,0
DA:35,0
DA:42,0
DA:60,0
DA:67,0
DA:74,0
LF:16
LH:0
BRF:0
BRH:0
end_of_record
TN:
SF:/Users/RachelSophia/CSE112/Vue-Mini-Social-Network/public/js/src/router/router.js
FNF:0
FNH:0
DA:3,0
DA:4,0
LF:2
LH:0
BRF:0
BRH:0
end_of_record
TN:
SF:/Users/RachelSophia/CSE112/Vue-Mini-Social-Network/public/js/src/store/store.js
FNF:0
FNH:0
DA:3,0
DA:4,0
DA:6,0
DA:7,0
DA:8,0
DA:9,0
DA:10,0
DA:14,0
LF:8
LH:0
BRF:0
BRH:0
end_of_record
TN:
SF:/Users/RachelSophia/CSE112/Vue-Mini-Social-Network/public/js/src/store/actions/explore-a.js
FN:5,(anonymous_1)
FN:5,_callee
FNF:2
FNH:0
FNDA:0,(anonymous_1)
FNDA:0,_callee
DA:1,0
DA:5,0
DA:6,0
DA:7,0
LF:4
LH:0
BRDA:5,0,0,0
BRDA:5,0,1,0
BRDA:5,0,2,0
BRDA:5,0,3,0
BRF:4
BRH:0
end_of_record
TN:
SF:/Users/RachelSophia/CSE112/Vue-Mini-Social-Network/public/js/src/store/actions/follow-a.js
FN:5,(anonymous_1)
FN:5,_callee
FN:5,_callee$
FN:10,(anonymous_5)
FN:10,_callee2
FN:10,_callee2$
FN:15,(anonymous_9)
FN:15,_callee3
FN:15,_callee3$
FN:20,(anonymous_13)
FN:20,_callee4
FN:20,_callee4$
FN:25,(anonymous_17)
FN:25,_callee5
FN:25,_callee5$
FN:30,(anonymous_21)
FN:30,_callee6
FN:30,_callee6$
FNF:18
FNH:0
FNDA:0,(anonymous_1)
FNDA:0,_callee
FNDA:0,_callee$
FNDA:0,(anonymous_5)
FNDA:0,_callee2
FNDA:0,_callee2$
FNDA:0,(anonymous_9)
FNDA:0,_callee3
FNDA:0,_callee3$
FNDA:0,(anonymous_13)
FNDA:0,_callee4
FNDA:0,_callee4$
FNDA:0,(anonymous_17)
FNDA:0,_callee5
FNDA:0,_callee5$
FNDA:0,(anonymous_21)
FNDA:0,_callee6
FNDA:0,_callee6$
DA:1,0
DA:5,0
DA:6,0
DA:7,0
DA:10,0
DA:11,0
DA:12,0
DA:15,0
DA:16,0
DA:17,0
DA:20,0
DA:21,0
DA:22,0
DA:25,0
DA:26,0
DA:27,0
DA:30,0
DA:31,0
DA:32,0
LF:19
LH:0
BRDA:5,0,0,0
BRDA:5,0,1,0
BRDA:5,0,2,0
BRDA:5,0,3,0
BRDA:10,1,0,0
BRDA:10,1,1,0
BRDA:10,1,2,0
BRDA:10,1,3,0
BRDA:15,2,0,0
BRDA:15,2,1,0
BRDA:15,2,2,0
BRDA:15,2,3,0
BRDA:20,3,0,0
BRDA:20,3,1,0
BRDA:20,3,2,0
BRDA:20,3,3,0
BRDA:25,4,0,0
BRDA:25,4,1,0
BRDA:25,4,2,0
BRDA:25,4,3,0
BRDA:30,5,0,0
BRDA:30,5,1,0
BRDA:30,5,2,0
BRDA:30,5,3,0
BRF:24
BRH:0
end_of_record
TN:
SF:/Users/RachelSophia/CSE112/Vue-Mini-Social-Network/public/js/src/store/actions/post-a.js
FN:5,(anonymous_1)
FN:5,_callee
FN:5,_callee$
FN:10,(anonymous_5)
FN:10,_callee2
FNF:5
FNH:0
FNDA:0,(anonymous_1)
FNDA:0,_callee
FNDA:0,_callee$
FNDA:0,(anonymous_5)
FNDA:0,_callee2
DA:1,0
DA:5,0
DA:6,0
DA:7,0
DA:10,0
DA:11,0
DA:12,0
LF:7
LH:0
BRDA:5,0,0,0
BRDA:5,0,1,0
BRDA:5,0,2,0
BRDA:5,0,3,0
BRDA:10,1,0,0
BRDA:10,1,1,0
BRDA:10,1,2,0
BRDA:10,1,3,0
BRF:8
BRH:0
end_of_record
TN:
SF:/Users/RachelSophia/CSE112/Vue-Mini-Social-Network/public/js/src/store/actions/post-int-a.js
FN:5,(anonymous_1)
FN:5,_callee
FN:5,_callee$
FNF:3
FNH:0
FNDA:0,(anonymous_1)
FNDA:0,_callee
FNDA:0,_callee$
DA:1,0
DA:5,0
DA:6,0
DA:7,0
LF:4
LH:0
BRDA:5,0,0,0
BRDA:5,0,1,0
BRDA:5,0,2,0
BRDA:5,0,3,0
BRF:4
BRH:0
end_of_record
TN:
SF:/Users/RachelSophia/CSE112/Vue-Mini-Social-Network/public/js/src/store/actions/user-a.js
FN:5,(anonymous_1)
FN:5,_callee
FN:5,_callee$
FNF:3
FNH:0
FNDA:0,(anonymous_1)
FNDA:0,_callee
FNDA:0,_callee$
DA:1,0
DA:5,0
DA:6,0
DA:7,0
LF:4
LH:0
BRDA:5,0,0,0
BRDA:5,0,1,0
BRDA:5,0,2,0
BRDA:5,0,3,0
BRF:4
BRH:0
end_of_record
TN:
SF:/Users/RachelSophia/CSE112/Vue-Mini-Social-Network/public/js/src/store/modules/explore-m.js
FN:8,GET_EXPLORES
FNF:1
FNH:0
FNDA:0,GET_EXPLORES
DA:1,0
DA:8,0
LF:2
LH:0
BRF:0
BRH:0
end_of_record
TN:
SF:/Users/RachelSophia/CSE112/Vue-Mini-Social-Network/public/js/src/store/modules/follow-m.js
FN:11,GET_FOLLOWERS
FN:12,GET_FOLLOWINGS
FN:13,GET_PENDINGS
FN:14,GET_VIEWS
FN:15,FOLLOWER
FN:16,UNFOLLOWER
FN:17,(anonymous_7)
FN:20,FOLLOWING
FN:21,UNFOLLOWING
FN:22,(anonymous_10)
FN:25,UNPENDING
FN:26,(anonymous_12)
FNF:12
FNH:0
FNDA:0,GET_FOLLOWERS
FNDA:0,GET_FOLLOWINGS
FNDA:0,GET_PENDINGS
FNDA:0,GET_VIEWS
FNDA:0,FOLLOWER
FNDA:0,UNFOLLOWER
FNDA:0,(anonymous_7)
FNDA:0,FOLLOWING
FNDA:0,UNFOLLOWING
FNDA:0,(anonymous_10)
FNDA:0,UNPENDING
FNDA:0,(anonymous_12)
DA:1,0
DA:11,0
DA:12,0
DA:13,0
DA:14,0
DA:15,0
DA:16,0
DA:17,0
DA:18,0
DA:20,0
DA:21,0
DA:22,0
DA:23,0
DA:25,0
DA:26,0
DA:27,0
LF:16
LH:0
BRF:0
BRH:0
end_of_record
TN:
SF:/Users/RachelSophia/CSE112/Vue-Mini-Social-Network/public/js/src/store/modules/post-int-m.js
FN:10,GET_LIKES
FN:11,LIKED
FN:12,UNLIKED
FN:15,(anonymous_4)
FNF:4
FNH:0
FNDA:0,GET_LIKES
FNDA:0,LIKED
FNDA:0,UNLIKED
FNDA:0,(anonymous_4)
DA:2,0
DA:3,0
DA:10,0
DA:11,0
DA:12,0
DA:14,0
DA:15,0
DA:16,0
LF:8
LH:0
BRDA:15,0,0,0
BRDA:15,0,1,0
BRF:2
BRH:0
end_of_record
TN:
SF:/Users/RachelSophia/CSE112/Vue-Mini-Social-Network/public/js/src/store/modules/post-m.js
FN:9,GET_POSTS
FN:10,ADD_POST
FN:11,DELETE_POST
FN:12,(anonymous_4)
FN:15,GET_FEEDS
FNF:5
FNH:0
FNDA:0,GET_POSTS
FNDA:0,ADD_POST
FNDA:0,DELETE_POST
FNDA:0,(anonymous_4)
FNDA:0,GET_FEEDS
DA:1,0
DA:9,0
DA:10,0
DA:11,0
DA:12,0
DA:13,0
DA:15,0
LF:7
LH:0
BRF:0
BRH:0
end_of_record
TN:
SF:/Users/RachelSophia/CSE112/Vue-Mini-Social-Network/public/js/src/store/modules/user-m.js
FN:15,USER_DETAILS
FNF:1
FNH:0
FNDA:0,USER_DETAILS
DA:1,0
DA:2,0
DA:4,0
DA:15,0
LF:4
LH:0
BRF:0
BRH:0
end_of_record
TN:
SF:/Users/RachelSophia/CSE112/Vue-Mini-Social-Network/public/js/src/user-system/user-system.js
FN:6,(anonymous_1)
FN:40,(anonymous_2)
FNF:2
FNH:0
FNDA:0,(anonymous_1)
FNDA:0,(anonymous_2)
DA:1,0
DA:2,0
DA:3,0
DA:6,0
DA:7,0
DA:10,0
DA:11,0
DA:12,0
DA:13,0
DA:15,0
DA:16,0
DA:17,0
DA:18,0
DA:21,0
DA:33,0
DA:40,0
DA:41,0
DA:44,0
DA:45,0
DA:47,0
DA:48,0
DA:51,0
DA:61,0
LF:23
LH:0
BRDA:15,0,0,0
BRDA:15,0,1,0
BRDA:15,1,0,0
BRDA:15,1,1,0
BRDA:15,1,2,0
BRDA:15,1,3,0
BRDA:17,2,0,0
BRDA:17,2,1,0
BRDA:47,3,0,0
BRDA:47,3,1,0
BRDA:47,4,0,0
BRDA:47,4,1,0
BRF:12
BRH:0
end_of_record
TN:
SF:/Users/RachelSophia/CSE112/Vue-Mini-Social-Network/public/js/src/utils/functions.js
FN:5,shortener
FN:17,toggle
FN:22,commonLogin
FN:33,(anonymous_4)
FN:38,done
FN:51,(anonymous_6)
FN:54,c_first
FN:58,llr
FN:66,(anonymous_9)
FN:66,_callee
FN:66,_callee$
FN:91,(anonymous_13)
FN:91,_callee2
FN:91,_callee2$
FN:96,(anonymous_17)
FN:96,_callee3
FN:96,_callee3$
FN:101,(anonymous_21)
FN:101,_callee4
FN:101,_callee4$
FN:107,(anonymous_25)
FN:107,_callee5
FN:107,_callee5$
FN:113,changeTitle
FN:133,(anonymous_30)
FN:133,_callee6
FN:133,_callee6$
FN:140,commit
FN:141,done
FN:171,(anonymous_36)
FN:171,_callee7
FN:171,_callee7$
FN:177,commit
FN:178,done
FN:200,(anonymous_42)
FN:200,_callee8
FN:200,_callee8$
FN:204,done
FN:218,(anonymous_47)
FN:218,_callee9
FN:218,_callee9$
FN:222,commit
FN:223,done
FNF:43
FNH:0
FNDA:0,shortener
FNDA:0,toggle
FNDA:0,commonLogin
FNDA:0,(anonymous_4)
FNDA:0,done
FNDA:0,(anonymous_6)
FNDA:0,c_first
FNDA:0,llr
FNDA:0,(anonymous_9)
FNDA:0,_callee
FNDA:0,_callee$
FNDA:0,(anonymous_13)
FNDA:0,_callee2
FNDA:0,_callee2$
FNDA:0,(anonymous_17)
FNDA:0,_callee3
FNDA:0,_callee3$
FNDA:0,(anonymous_21)
FNDA:0,_callee4
FNDA:0,_callee4$
FNDA:0,(anonymous_25)
FNDA:0,_callee5
FNDA:0,_callee5$
FNDA:0,changeTitle
FNDA:0,(anonymous_30)
FNDA:0,_callee6
FNDA:0,_callee6$
FNDA:0,commit
FNDA:0,done
FNDA:0,(anonymous_36)
FNDA:0,_callee7
FNDA:0,_callee7$
FNDA:0,commit
FNDA:0,done
FNDA:0,(anonymous_42)
FNDA:0,_callee8
FNDA:0,_callee8$
FNDA:0,done
FNDA:0,(anonymous_47)
FNDA:0,_callee9
FNDA:0,_callee9$
FNDA:0,commit
FNDA:0,done
DA:1,0
DA:2,0
DA:3,0
DA:5,0
DA:7,0
DA:8,0
DA:9,0
DA:10,0
DA:17,0
DA:18,0
DA:19,0
DA:22,0
DA:24,0
DA:25,0
DA:27,0
DA:30,0
DA:32,0
DA:33,0
DA:34,0
DA:35,0
DA:36,0
DA:38,0
DA:40,0
DA:41,0
DA:43,0
DA:44,0
DA:47,0
DA:49,0
DA:51,0
DA:54,0
DA:55,0
DA:58,0
DA:60,0
DA:61,0
DA:62,0
DA:66,0
DA:69,0
DA:70,0
DA:71,0
DA:72,0
DA:74,0
DA:76,0
DA:77,0
DA:79,0
DA:80,0
DA:82,0
DA:83,0
DA:84,0
DA:85,0
DA:86,0
DA:87,0
DA:91,0
DA:92,0
DA:96,0
DA:97,0
DA:101,0
DA:102,0
DA:103,0
DA:107,0
DA:108,0
DA:113,0
DA:115,0
DA:118,0
DA:119,0
DA:120,0
DA:121,0
DA:122,0
DA:123,0
DA:125,0
DA:128,0
DA:129,0
DA:133,0
DA:135,0
DA:140,0
DA:141,0
DA:143,0
DA:145,0
DA:146,0
DA:147,0
DA:148,0
DA:149,0
DA:150,0
DA:152,0
DA:153,0
DA:165,0
DA:166,0
DA:171,0
DA:173,0
DA:177,0
DA:178,0
DA:192,0
DA:193,0
DA:195,0
DA:196,0
DA:200,0
DA:202,0
DA:204,0
DA:214,0
DA:215,0
DA:218,0
DA:220,0
DA:222,0
DA:223,0
DA:235,0
DA:237,0
DA:238,0
LF:106
LH:0
BRDA:9,0,0,0
BRDA:9,0,1,0
BRDA:11,1,0,0
BRDA:11,1,1,0
BRDA:13,2,0,0
BRDA:13,2,1,0
BRDA:19,3,0,0
BRDA:19,3,1,0
BRDA:35,4,0,0
BRDA:35,4,1,0
BRDA:66,5,0,0
BRDA:66,5,1,0
BRDA:66,5,2,0
BRDA:66,5,3,0
BRDA:76,6,0,0
BRDA:76,6,1,0
BRDA:79,7,0,0
BRDA:79,7,1,0
BRDA:91,8,0,0
BRDA:91,8,1,0
BRDA:91,8,2,0
BRDA:91,8,3,0
BRDA:96,9,0,0
BRDA:96,9,1,0
BRDA:96,9,2,0
BRDA:96,9,3,0
BRDA:101,10,0,0
BRDA:101,10,1,0
BRDA:101,10,2,0
BRDA:101,10,3,0
BRDA:107,11,0,0
BRDA:107,11,1,0
BRDA:107,11,2,0
BRDA:107,11,3,0
BRDA:118,12,0,0
BRDA:118,12,1,0
BRDA:120,13,0,0
BRDA:120,13,1,0
BRDA:122,14,0,0
BRDA:122,14,1,0
BRDA:133,15,0,0
BRDA:133,15,1,0
BRDA:133,15,2,0
BRDA:133,15,3,0
BRDA:171,16,0,0
BRDA:171,16,1,0
BRDA:171,16,2,0
BRDA:171,16,3,0
BRDA:192,17,0,0
BRDA:192,17,1,0
BRDA:193,18,0,0
BRDA:193,18,1,0
BRDA:200,19,0,0
BRDA:200,19,1,0
BRDA:200,19,2,0
BRDA:200,19,3,0
BRDA:218,20,0,0
BRDA:218,20,1,0
BRDA:218,20,2,0
BRDA:218,20,3,0
BRF:60
BRH:0
end_of_record
